[23-Jan-2026 05:47:31 UTC] PHP Deprecated:  Using null as an array offset is deprecated, use an empty string instead in /Users/th31/wpsites/interactive/wp-includes/SimplePie/src/IRI.php on line 1026
[23-Jan-2026 05:47:31 UTC] PHP Deprecated:  Using null as an array offset is deprecated, use an empty string instead in /Users/th31/wpsites/interactive/wp-includes/SimplePie/src/IRI.php on line 1026
[23-Jan-2026 05:47:31 UTC] PHP Deprecated:  Using null as an array offset is deprecated, use an empty string instead in /Users/th31/wpsites/interactive/wp-includes/SimplePie/src/IRI.php on line 1026
[23-Jan-2026 05:47:31 UTC] PHP Deprecated:  Using null as an array offset is deprecated, use an empty string instead in /Users/th31/wpsites/interactive/wp-includes/SimplePie/src/IRI.php on line 1026
[23-Jan-2026 05:47:33 UTC] PHP Deprecated:  Using null as an array offset is deprecated, use an empty string instead in /Users/th31/wpsites/interactive/wp-includes/SimplePie/src/IRI.php on line 1026
[23-Jan-2026 05:47:33 UTC] PHP Deprecated:  Using null as an array offset is deprecated, use an empty string instead in /Users/th31/wpsites/interactive/wp-includes/SimplePie/src/IRI.php on line 1026
[23-Jan-2026 05:47:33 UTC] PHP Deprecated:  Using null as an array offset is deprecated, use an empty string instead in /Users/th31/wpsites/interactive/wp-includes/SimplePie/src/IRI.php on line 1026
[23-Jan-2026 05:47:33 UTC] PHP Deprecated:  Using null as an array offset is deprecated, use an empty string instead in /Users/th31/wpsites/interactive/wp-includes/SimplePie/src/IRI.php on line 1026
[23-Jan-2026 08:21:14 UTC] Automatic updates starting...
[23-Jan-2026 08:21:16 UTC] Automatic updates complete.
[26-Jan-2026 02:58:15 UTC] Automatic updates starting...
[26-Jan-2026 02:58:17 UTC] Automatic updates complete.
[26-Jan-2026 09:56:11 UTC] Automatic updates starting...
[26-Jan-2026 09:56:14 UTC] Automatic updates complete.
[26-Jan-2026 10:03:24 UTC] PHP Deprecated:  Using null as an array offset is deprecated, use an empty string instead in /Users/th31/wpsites/interactive/wp-includes/SimplePie/src/IRI.php on line 1026
[26-Jan-2026 10:03:24 UTC] PHP Deprecated:  Using null as an array offset is deprecated, use an empty string instead in /Users/th31/wpsites/interactive/wp-includes/SimplePie/src/IRI.php on line 1026
[26-Jan-2026 10:03:24 UTC] PHP Deprecated:  Using null as an array offset is deprecated, use an empty string instead in /Users/th31/wpsites/interactive/wp-includes/SimplePie/src/IRI.php on line 1026
[26-Jan-2026 10:03:24 UTC] PHP Deprecated:  Using null as an array offset is deprecated, use an empty string instead in /Users/th31/wpsites/interactive/wp-includes/SimplePie/src/IRI.php on line 1026
[26-Jan-2026 11:46:19 UTC] PHP Warning:  filemtime(): stat failed for /Users/th31/wpsites/interactive/wp-content/plugins/faq-accordion-pro/build/style.css in /Users/th31/wpsites/interactive/wp-content/plugins/faq-accordion-pro/faq-accordion-pro.php on line 46
[26-Jan-2026 11:46:19 UTC] PHP Warning:  filemtime(): stat failed for /Users/th31/wpsites/interactive/wp-content/plugins/faq-accordion-pro/build/view.js in /Users/th31/wpsites/interactive/wp-content/plugins/faq-accordion-pro/faq-accordion-pro.php on line 53
[26-Jan-2026 11:46:19 UTC] PHP Warning:  filemtime(): stat failed for /Users/th31/wpsites/interactive/wp-content/plugins/faq-accordion-pro/build/style.css in /Users/th31/wpsites/interactive/wp-content/plugins/faq-accordion-pro/faq-accordion-pro.php on line 46
[26-Jan-2026 11:46:19 UTC] PHP Warning:  filemtime(): stat failed for /Users/th31/wpsites/interactive/wp-content/plugins/faq-accordion-pro/build/style.css in /Users/th31/wpsites/interactive/wp-content/plugins/faq-accordion-pro/faq-accordion-pro.php on line 46
[26-Jan-2026 11:46:19 UTC] PHP Warning:  filemtime(): stat failed for /Users/th31/wpsites/interactive/wp-content/plugins/faq-accordion-pro/build/view.js in /Users/th31/wpsites/interactive/wp-content/plugins/faq-accordion-pro/faq-accordion-pro.php on line 53
[26-Jan-2026 11:46:19 UTC] PHP Warning:  filemtime(): stat failed for /Users/th31/wpsites/interactive/wp-content/plugins/faq-accordion-pro/build/view.js in /Users/th31/wpsites/interactive/wp-content/plugins/faq-accordion-pro/faq-accordion-pro.php on line 53
[26-Jan-2026 12:05:14 UTC] PHP Warning:  filemtime(): stat failed for /Users/th31/wpsites/interactive/wp-content/plugins/faq-accordion-pro/build/style.css in /Users/th31/wpsites/interactive/wp-content/plugins/faq-accordion-pro/faq-accordion-pro.php on line 46
[26-Jan-2026 12:05:14 UTC] PHP Warning:  filemtime(): stat failed for /Users/th31/wpsites/interactive/wp-content/plugins/faq-accordion-pro/build/view.js in /Users/th31/wpsites/interactive/wp-content/plugins/faq-accordion-pro/faq-accordion-pro.php on line 53
[26-Jan-2026 12:05:14 UTC] PHP Warning:  filemtime(): stat failed for /Users/th31/wpsites/interactive/wp-content/plugins/faq-accordion-pro/build/style.css in /Users/th31/wpsites/interactive/wp-content/plugins/faq-accordion-pro/faq-accordion-pro.php on line 46
[26-Jan-2026 12:05:14 UTC] PHP Warning:  filemtime(): stat failed for /Users/th31/wpsites/interactive/wp-content/plugins/faq-accordion-pro/build/view.js in /Users/th31/wpsites/interactive/wp-content/plugins/faq-accordion-pro/faq-accordion-pro.php on line 53
[26-Jan-2026 12:05:14 UTC] PHP Warning:  filemtime(): stat failed for /Users/th31/wpsites/interactive/wp-content/plugins/faq-accordion-pro/build/style.css in /Users/th31/wpsites/interactive/wp-content/plugins/faq-accordion-pro/faq-accordion-pro.php on line 46
[26-Jan-2026 12:05:14 UTC] PHP Warning:  filemtime(): stat failed for /Users/th31/wpsites/interactive/wp-content/plugins/faq-accordion-pro/build/view.js in /Users/th31/wpsites/interactive/wp-content/plugins/faq-accordion-pro/faq-accordion-pro.php on line 53
[26-Jan-2026 12:06:28 UTC] PHP Warning:  filemtime(): stat failed for /Users/th31/wpsites/interactive/wp-content/plugins/faq-accordion-pro/build/style.css in /Users/th31/wpsites/interactive/wp-content/plugins/faq-accordion-pro/faq-accordion-pro.php on line 46
[26-Jan-2026 12:06:28 UTC] PHP Warning:  filemtime(): stat failed for /Users/th31/wpsites/interactive/wp-content/plugins/faq-accordion-pro/build/view.js in /Users/th31/wpsites/interactive/wp-content/plugins/faq-accordion-pro/faq-accordion-pro.php on line 53
[26-Jan-2026 12:06:28 UTC] PHP Warning:  filemtime(): stat failed for /Users/th31/wpsites/interactive/wp-content/plugins/faq-accordion-pro/build/style.css in /Users/th31/wpsites/interactive/wp-content/plugins/faq-accordion-pro/faq-accordion-pro.php on line 46
[26-Jan-2026 12:06:28 UTC] PHP Warning:  filemtime(): stat failed for /Users/th31/wpsites/interactive/wp-content/plugins/faq-accordion-pro/build/style.css in /Users/th31/wpsites/interactive/wp-content/plugins/faq-accordion-pro/faq-accordion-pro.php on line 46
[26-Jan-2026 12:06:28 UTC] PHP Warning:  filemtime(): stat failed for /Users/th31/wpsites/interactive/wp-content/plugins/faq-accordion-pro/build/view.js in /Users/th31/wpsites/interactive/wp-content/plugins/faq-accordion-pro/faq-accordion-pro.php on line 53
[26-Jan-2026 12:06:28 UTC] PHP Warning:  filemtime(): stat failed for /Users/th31/wpsites/interactive/wp-content/plugins/faq-accordion-pro/build/view.js in /Users/th31/wpsites/interactive/wp-content/plugins/faq-accordion-pro/faq-accordion-pro.php on line 53
[26-Jan-2026 12:11:15 UTC] PHP Warning:  filemtime(): stat failed for /Users/th31/wpsites/interactive/wp-content/plugins/faq-accordion-pro/build/style.css in /Users/th31/wpsites/interactive/wp-content/plugins/faq-accordion-pro/faq-accordion-pro.php on line 46
[26-Jan-2026 12:11:15 UTC] PHP Warning:  filemtime(): stat failed for /Users/th31/wpsites/interactive/wp-content/plugins/faq-accordion-pro/build/view.js in /Users/th31/wpsites/interactive/wp-content/plugins/faq-accordion-pro/faq-accordion-pro.php on line 53
[26-Jan-2026 12:11:15 UTC] PHP Warning:  filemtime(): stat failed for /Users/th31/wpsites/interactive/wp-content/plugins/faq-accordion-pro/build/style.css in /Users/th31/wpsites/interactive/wp-content/plugins/faq-accordion-pro/faq-accordion-pro.php on line 46
[26-Jan-2026 12:11:15 UTC] PHP Warning:  filemtime(): stat failed for /Users/th31/wpsites/interactive/wp-content/plugins/faq-accordion-pro/build/view.js in /Users/th31/wpsites/interactive/wp-content/plugins/faq-accordion-pro/faq-accordion-pro.php on line 53
[26-Jan-2026 12:11:15 UTC] PHP Warning:  filemtime(): stat failed for /Users/th31/wpsites/interactive/wp-content/plugins/faq-accordion-pro/build/style.css in /Users/th31/wpsites/interactive/wp-content/plugins/faq-accordion-pro/faq-accordion-pro.php on line 46
[26-Jan-2026 12:11:15 UTC] PHP Warning:  filemtime(): stat failed for /Users/th31/wpsites/interactive/wp-content/plugins/faq-accordion-pro/build/view.js in /Users/th31/wpsites/interactive/wp-content/plugins/faq-accordion-pro/faq-accordion-pro.php on line 53
[26-Jan-2026 12:12:05 UTC] PHP Warning:  filemtime(): stat failed for /Users/th31/wpsites/interactive/wp-content/plugins/faq-accordion-pro/build/style.css in /Users/th31/wpsites/interactive/wp-content/plugins/faq-accordion-pro/faq-accordion-pro.php on line 46
[26-Jan-2026 12:12:05 UTC] PHP Warning:  filemtime(): stat failed for /Users/th31/wpsites/interactive/wp-content/plugins/faq-accordion-pro/build/view.js in /Users/th31/wpsites/interactive/wp-content/plugins/faq-accordion-pro/faq-accordion-pro.php on line 53
[26-Jan-2026 12:12:05 UTC] PHP Warning:  filemtime(): stat failed for /Users/th31/wpsites/interactive/wp-content/plugins/faq-accordion-pro/build/style.css in /Users/th31/wpsites/interactive/wp-content/plugins/faq-accordion-pro/faq-accordion-pro.php on line 46
[26-Jan-2026 12:12:05 UTC] PHP Warning:  filemtime(): stat failed for /Users/th31/wpsites/interactive/wp-content/plugins/faq-accordion-pro/build/view.js in /Users/th31/wpsites/interactive/wp-content/plugins/faq-accordion-pro/faq-accordion-pro.php on line 53
[26-Jan-2026 12:12:05 UTC] PHP Warning:  filemtime(): stat failed for /Users/th31/wpsites/interactive/wp-content/plugins/faq-accordion-pro/build/style.css in /Users/th31/wpsites/interactive/wp-content/plugins/faq-accordion-pro/faq-accordion-pro.php on line 46
[26-Jan-2026 12:12:05 UTC] PHP Warning:  filemtime(): stat failed for /Users/th31/wpsites/interactive/wp-content/plugins/faq-accordion-pro/build/view.js in /Users/th31/wpsites/interactive/wp-content/plugins/faq-accordion-pro/faq-accordion-pro.php on line 53
[26-Jan-2026 12:22:33 UTC] PHP Warning:  filemtime(): stat failed for /Users/th31/wpsites/interactive/wp-content/plugins/faq-accordion-pro/build/style.css in /Users/th31/wpsites/interactive/wp-content/plugins/faq-accordion-pro/faq-accordion-pro.php on line 43
[26-Jan-2026 12:22:33 UTC] PHP Warning:  filemtime(): stat failed for /Users/th31/wpsites/interactive/wp-content/plugins/faq-accordion-pro/build/view.js in /Users/th31/wpsites/interactive/wp-content/plugins/faq-accordion-pro/faq-accordion-pro.php on line 50
[26-Jan-2026 12:22:33 UTC] PHP Warning:  filemtime(): stat failed for /Users/th31/wpsites/interactive/wp-content/plugins/faq-accordion-pro/build/style.css in /Users/th31/wpsites/interactive/wp-content/plugins/faq-accordion-pro/faq-accordion-pro.php on line 43
[26-Jan-2026 12:22:33 UTC] PHP Warning:  filemtime(): stat failed for /Users/th31/wpsites/interactive/wp-content/plugins/faq-accordion-pro/build/style.css in /Users/th31/wpsites/interactive/wp-content/plugins/faq-accordion-pro/faq-accordion-pro.php on line 43
[26-Jan-2026 12:22:33 UTC] PHP Warning:  filemtime(): stat failed for /Users/th31/wpsites/interactive/wp-content/plugins/faq-accordion-pro/build/view.js in /Users/th31/wpsites/interactive/wp-content/plugins/faq-accordion-pro/faq-accordion-pro.php on line 50
[26-Jan-2026 12:22:33 UTC] PHP Warning:  filemtime(): stat failed for /Users/th31/wpsites/interactive/wp-content/plugins/faq-accordion-pro/build/view.js in /Users/th31/wpsites/interactive/wp-content/plugins/faq-accordion-pro/faq-accordion-pro.php on line 50
[26-Jan-2026 12:23:06 UTC] PHP Warning:  filemtime(): stat failed for /Users/th31/wpsites/interactive/wp-content/plugins/faq-accordion-pro/build/style.css in /Users/th31/wpsites/interactive/wp-content/plugins/faq-accordion-pro/faq-accordion-pro.php on line 43
[26-Jan-2026 12:23:06 UTC] PHP Warning:  filemtime(): stat failed for /Users/th31/wpsites/interactive/wp-content/plugins/faq-accordion-pro/build/view.js in /Users/th31/wpsites/interactive/wp-content/plugins/faq-accordion-pro/faq-accordion-pro.php on line 50
[26-Jan-2026 12:23:06 UTC] PHP Warning:  filemtime(): stat failed for /Users/th31/wpsites/interactive/wp-content/plugins/faq-accordion-pro/build/style.css in /Users/th31/wpsites/interactive/wp-content/plugins/faq-accordion-pro/faq-accordion-pro.php on line 43
[26-Jan-2026 12:23:06 UTC] PHP Warning:  filemtime(): stat failed for /Users/th31/wpsites/interactive/wp-content/plugins/faq-accordion-pro/build/style.css in /Users/th31/wpsites/interactive/wp-content/plugins/faq-accordion-pro/faq-accordion-pro.php on line 43
[26-Jan-2026 12:23:06 UTC] PHP Warning:  filemtime(): stat failed for /Users/th31/wpsites/interactive/wp-content/plugins/faq-accordion-pro/build/view.js in /Users/th31/wpsites/interactive/wp-content/plugins/faq-accordion-pro/faq-accordion-pro.php on line 50
[26-Jan-2026 12:23:06 UTC] PHP Warning:  filemtime(): stat failed for /Users/th31/wpsites/interactive/wp-content/plugins/faq-accordion-pro/build/view.js in /Users/th31/wpsites/interactive/wp-content/plugins/faq-accordion-pro/faq-accordion-pro.php on line 50
[26-Jan-2026 12:26:14 UTC] PHP Warning:  filemtime(): stat failed for /Users/th31/wpsites/interactive/wp-content/plugins/faq-accordion-pro/build/style.css in /Users/th31/wpsites/interactive/wp-content/plugins/faq-accordion-pro/faq-accordion-pro.php on line 43
[26-Jan-2026 12:26:14 UTC] PHP Warning:  filemtime(): stat failed for /Users/th31/wpsites/interactive/wp-content/plugins/faq-accordion-pro/build/view.js in /Users/th31/wpsites/interactive/wp-content/plugins/faq-accordion-pro/faq-accordion-pro.php on line 50
[26-Jan-2026 12:26:14 UTC] PHP Warning:  filemtime(): stat failed for /Users/th31/wpsites/interactive/wp-content/plugins/faq-accordion-pro/build/style.css in /Users/th31/wpsites/interactive/wp-content/plugins/faq-accordion-pro/faq-accordion-pro.php on line 43
[26-Jan-2026 12:26:14 UTC] PHP Warning:  filemtime(): stat failed for /Users/th31/wpsites/interactive/wp-content/plugins/faq-accordion-pro/build/view.js in /Users/th31/wpsites/interactive/wp-content/plugins/faq-accordion-pro/faq-accordion-pro.php on line 50
[26-Jan-2026 12:26:14 UTC] PHP Warning:  filemtime(): stat failed for /Users/th31/wpsites/interactive/wp-content/plugins/faq-accordion-pro/build/style.css in /Users/th31/wpsites/interactive/wp-content/plugins/faq-accordion-pro/faq-accordion-pro.php on line 43
[26-Jan-2026 12:26:14 UTC] PHP Warning:  filemtime(): stat failed for /Users/th31/wpsites/interactive/wp-content/plugins/faq-accordion-pro/build/view.js in /Users/th31/wpsites/interactive/wp-content/plugins/faq-accordion-pro/faq-accordion-pro.php on line 50
[26-Jan-2026 12:32:53 UTC] PHP Warning:  filemtime(): stat failed for /Users/th31/wpsites/interactive/wp-content/plugins/faq-accordion-pro/build/style.css in /Users/th31/wpsites/interactive/wp-content/plugins/faq-accordion-pro/faq-accordion-pro.php on line 43
[26-Jan-2026 12:32:53 UTC] PHP Warning:  filemtime(): stat failed for /Users/th31/wpsites/interactive/wp-content/plugins/faq-accordion-pro/build/view.js in /Users/th31/wpsites/interactive/wp-content/plugins/faq-accordion-pro/faq-accordion-pro.php on line 50
[26-Jan-2026 12:32:53 UTC] PHP Warning:  filemtime(): stat failed for /Users/th31/wpsites/interactive/wp-content/plugins/faq-accordion-pro/build/style.css in /Users/th31/wpsites/interactive/wp-content/plugins/faq-accordion-pro/faq-accordion-pro.php on line 43
[26-Jan-2026 12:32:53 UTC] PHP Warning:  filemtime(): stat failed for /Users/th31/wpsites/interactive/wp-content/plugins/faq-accordion-pro/build/view.js in /Users/th31/wpsites/interactive/wp-content/plugins/faq-accordion-pro/faq-accordion-pro.php on line 50
[26-Jan-2026 12:32:53 UTC] PHP Warning:  filemtime(): stat failed for /Users/th31/wpsites/interactive/wp-content/plugins/faq-accordion-pro/build/style.css in /Users/th31/wpsites/interactive/wp-content/plugins/faq-accordion-pro/faq-accordion-pro.php on line 43
[26-Jan-2026 12:32:53 UTC] PHP Warning:  filemtime(): stat failed for /Users/th31/wpsites/interactive/wp-content/plugins/faq-accordion-pro/build/view.js in /Users/th31/wpsites/interactive/wp-content/plugins/faq-accordion-pro/faq-accordion-pro.php on line 50
[26-Jan-2026 12:32:55 UTC] PHP Warning:  filemtime(): stat failed for /Users/th31/wpsites/interactive/wp-content/plugins/faq-accordion-pro/build/style.css in /Users/th31/wpsites/interactive/wp-content/plugins/faq-accordion-pro/faq-accordion-pro.php on line 43
[26-Jan-2026 12:32:55 UTC] PHP Warning:  filemtime(): stat failed for /Users/th31/wpsites/interactive/wp-content/plugins/faq-accordion-pro/build/view.js in /Users/th31/wpsites/interactive/wp-content/plugins/faq-accordion-pro/faq-accordion-pro.php on line 50
[26-Jan-2026 12:32:55 UTC] PHP Warning:  filemtime(): stat failed for /Users/th31/wpsites/interactive/wp-content/plugins/faq-accordion-pro/build/style.css in /Users/th31/wpsites/interactive/wp-content/plugins/faq-accordion-pro/faq-accordion-pro.php on line 43
[26-Jan-2026 12:32:55 UTC] PHP Warning:  filemtime(): stat failed for /Users/th31/wpsites/interactive/wp-content/plugins/faq-accordion-pro/build/style.css in /Users/th31/wpsites/interactive/wp-content/plugins/faq-accordion-pro/faq-accordion-pro.php on line 43
[26-Jan-2026 12:32:55 UTC] PHP Warning:  filemtime(): stat failed for /Users/th31/wpsites/interactive/wp-content/plugins/faq-accordion-pro/build/view.js in /Users/th31/wpsites/interactive/wp-content/plugins/faq-accordion-pro/faq-accordion-pro.php on line 50
[26-Jan-2026 12:32:55 UTC] PHP Warning:  filemtime(): stat failed for /Users/th31/wpsites/interactive/wp-content/plugins/faq-accordion-pro/build/view.js in /Users/th31/wpsites/interactive/wp-content/plugins/faq-accordion-pro/faq-accordion-pro.php on line 50
[26-Jan-2026 12:33:51 UTC] PHP Warning:  filemtime(): stat failed for /Users/th31/wpsites/interactive/wp-content/plugins/faq-accordion-pro/build/style.css in /Users/th31/wpsites/interactive/wp-content/plugins/faq-accordion-pro/faq-accordion-pro.php on line 43
[26-Jan-2026 12:33:51 UTC] PHP Warning:  filemtime(): stat failed for /Users/th31/wpsites/interactive/wp-content/plugins/faq-accordion-pro/build/view.js in /Users/th31/wpsites/interactive/wp-content/plugins/faq-accordion-pro/faq-accordion-pro.php on line 50
[26-Jan-2026 12:33:52 UTC] PHP Warning:  filemtime(): stat failed for /Users/th31/wpsites/interactive/wp-content/plugins/faq-accordion-pro/build/style.css in /Users/th31/wpsites/interactive/wp-content/plugins/faq-accordion-pro/faq-accordion-pro.php on line 43
[26-Jan-2026 12:33:52 UTC] PHP Warning:  filemtime(): stat failed for /Users/th31/wpsites/interactive/wp-content/plugins/faq-accordion-pro/build/view.js in /Users/th31/wpsites/interactive/wp-content/plugins/faq-accordion-pro/faq-accordion-pro.php on line 50
[26-Jan-2026 12:33:52 UTC] PHP Warning:  filemtime(): stat failed for /Users/th31/wpsites/interactive/wp-content/plugins/faq-accordion-pro/build/style.css in /Users/th31/wpsites/interactive/wp-content/plugins/faq-accordion-pro/faq-accordion-pro.php on line 43
[26-Jan-2026 12:33:52 UTC] PHP Warning:  filemtime(): stat failed for /Users/th31/wpsites/interactive/wp-content/plugins/faq-accordion-pro/build/view.js in /Users/th31/wpsites/interactive/wp-content/plugins/faq-accordion-pro/faq-accordion-pro.php on line 50
[26-Jan-2026 12:34:01 UTC] PHP Warning:  filemtime(): stat failed for /Users/th31/wpsites/interactive/wp-content/plugins/faq-accordion-pro/build/style.css in /Users/th31/wpsites/interactive/wp-content/plugins/faq-accordion-pro/faq-accordion-pro.php on line 43
[26-Jan-2026 12:34:01 UTC] PHP Warning:  filemtime(): stat failed for /Users/th31/wpsites/interactive/wp-content/plugins/faq-accordion-pro/build/view.js in /Users/th31/wpsites/interactive/wp-content/plugins/faq-accordion-pro/faq-accordion-pro.php on line 50
[26-Jan-2026 12:34:01 UTC] PHP Warning:  filemtime(): stat failed for /Users/th31/wpsites/interactive/wp-content/plugins/faq-accordion-pro/build/style.css in /Users/th31/wpsites/interactive/wp-content/plugins/faq-accordion-pro/faq-accordion-pro.php on line 43
[26-Jan-2026 12:34:01 UTC] PHP Warning:  filemtime(): stat failed for /Users/th31/wpsites/interactive/wp-content/plugins/faq-accordion-pro/build/view.js in /Users/th31/wpsites/interactive/wp-content/plugins/faq-accordion-pro/faq-accordion-pro.php on line 50
[26-Jan-2026 12:34:01 UTC] PHP Warning:  filemtime(): stat failed for /Users/th31/wpsites/interactive/wp-content/plugins/faq-accordion-pro/build/style.css in /Users/th31/wpsites/interactive/wp-content/plugins/faq-accordion-pro/faq-accordion-pro.php on line 43
[26-Jan-2026 12:34:01 UTC] PHP Warning:  filemtime(): stat failed for /Users/th31/wpsites/interactive/wp-content/plugins/faq-accordion-pro/build/view.js in /Users/th31/wpsites/interactive/wp-content/plugins/faq-accordion-pro/faq-accordion-pro.php on line 50
[26-Jan-2026 12:34:37 UTC] PHP Warning:  filemtime(): stat failed for /Users/th31/wpsites/interactive/wp-content/plugins/faq-accordion-pro/build/style.css in /Users/th31/wpsites/interactive/wp-content/plugins/faq-accordion-pro/faq-accordion-pro.php on line 43
[26-Jan-2026 12:34:37 UTC] PHP Warning:  filemtime(): stat failed for /Users/th31/wpsites/interactive/wp-content/plugins/faq-accordion-pro/build/view.js in /Users/th31/wpsites/interactive/wp-content/plugins/faq-accordion-pro/faq-accordion-pro.php on line 50
[26-Jan-2026 12:34:37 UTC] PHP Warning:  filemtime(): stat failed for /Users/th31/wpsites/interactive/wp-content/plugins/faq-accordion-pro/build/style.css in /Users/th31/wpsites/interactive/wp-content/plugins/faq-accordion-pro/faq-accordion-pro.php on line 43
[26-Jan-2026 12:34:37 UTC] PHP Warning:  filemtime(): stat failed for /Users/th31/wpsites/interactive/wp-content/plugins/faq-accordion-pro/build/view.js in /Users/th31/wpsites/interactive/wp-content/plugins/faq-accordion-pro/faq-accordion-pro.php on line 50
[26-Jan-2026 12:34:37 UTC] PHP Warning:  filemtime(): stat failed for /Users/th31/wpsites/interactive/wp-content/plugins/faq-accordion-pro/build/style.css in /Users/th31/wpsites/interactive/wp-content/plugins/faq-accordion-pro/faq-accordion-pro.php on line 43
[26-Jan-2026 12:34:37 UTC] PHP Warning:  filemtime(): stat failed for /Users/th31/wpsites/interactive/wp-content/plugins/faq-accordion-pro/build/view.js in /Users/th31/wpsites/interactive/wp-content/plugins/faq-accordion-pro/faq-accordion-pro.php on line 50
[26-Jan-2026 12:34:49 UTC] PHP Warning:  filemtime(): stat failed for /Users/th31/wpsites/interactive/wp-content/plugins/faq-accordion-pro/build/style.css in /Users/th31/wpsites/interactive/wp-content/plugins/faq-accordion-pro/faq-accordion-pro.php on line 43
[26-Jan-2026 12:34:49 UTC] PHP Warning:  filemtime(): stat failed for /Users/th31/wpsites/interactive/wp-content/plugins/faq-accordion-pro/build/view.js in /Users/th31/wpsites/interactive/wp-content/plugins/faq-accordion-pro/faq-accordion-pro.php on line 50
[26-Jan-2026 12:34:49 UTC] PHP Warning:  filemtime(): stat failed for /Users/th31/wpsites/interactive/wp-content/plugins/faq-accordion-pro/build/style.css in /Users/th31/wpsites/interactive/wp-content/plugins/faq-accordion-pro/faq-accordion-pro.php on line 43
[26-Jan-2026 12:34:49 UTC] PHP Warning:  filemtime(): stat failed for /Users/th31/wpsites/interactive/wp-content/plugins/faq-accordion-pro/build/style.css in /Users/th31/wpsites/interactive/wp-content/plugins/faq-accordion-pro/faq-accordion-pro.php on line 43
[26-Jan-2026 12:34:49 UTC] PHP Warning:  filemtime(): stat failed for /Users/th31/wpsites/interactive/wp-content/plugins/faq-accordion-pro/build/view.js in /Users/th31/wpsites/interactive/wp-content/plugins/faq-accordion-pro/faq-accordion-pro.php on line 50
[26-Jan-2026 12:34:49 UTC] PHP Warning:  filemtime(): stat failed for /Users/th31/wpsites/interactive/wp-content/plugins/faq-accordion-pro/build/view.js in /Users/th31/wpsites/interactive/wp-content/plugins/faq-accordion-pro/faq-accordion-pro.php on line 50
[26-Jan-2026 12:34:52 UTC] PHP Warning:  filemtime(): stat failed for /Users/th31/wpsites/interactive/wp-content/plugins/faq-accordion-pro/build/style.css in /Users/th31/wpsites/interactive/wp-content/plugins/faq-accordion-pro/faq-accordion-pro.php on line 43
[26-Jan-2026 12:34:52 UTC] PHP Warning:  filemtime(): stat failed for /Users/th31/wpsites/interactive/wp-content/plugins/faq-accordion-pro/build/view.js in /Users/th31/wpsites/interactive/wp-content/plugins/faq-accordion-pro/faq-accordion-pro.php on line 50
[26-Jan-2026 12:34:52 UTC] PHP Warning:  filemtime(): stat failed for /Users/th31/wpsites/interactive/wp-content/plugins/faq-accordion-pro/build/style.css in /Users/th31/wpsites/interactive/wp-content/plugins/faq-accordion-pro/faq-accordion-pro.php on line 43
[26-Jan-2026 12:34:52 UTC] PHP Warning:  filemtime(): stat failed for /Users/th31/wpsites/interactive/wp-content/plugins/faq-accordion-pro/build/view.js in /Users/th31/wpsites/interactive/wp-content/plugins/faq-accordion-pro/faq-accordion-pro.php on line 50
[26-Jan-2026 12:34:52 UTC] PHP Warning:  filemtime(): stat failed for /Users/th31/wpsites/interactive/wp-content/plugins/faq-accordion-pro/build/style.css in /Users/th31/wpsites/interactive/wp-content/plugins/faq-accordion-pro/faq-accordion-pro.php on line 43
[26-Jan-2026 12:34:52 UTC] PHP Warning:  filemtime(): stat failed for /Users/th31/wpsites/interactive/wp-content/plugins/faq-accordion-pro/build/view.js in /Users/th31/wpsites/interactive/wp-content/plugins/faq-accordion-pro/faq-accordion-pro.php on line 50
[26-Jan-2026 12:36:05 UTC] PHP Warning:  filemtime(): stat failed for /Users/th31/wpsites/interactive/wp-content/plugins/faq-accordion-pro/build/style.css in /Users/th31/wpsites/interactive/wp-content/plugins/faq-accordion-pro/faq-accordion-pro.php on line 43
[26-Jan-2026 12:36:05 UTC] PHP Warning:  filemtime(): stat failed for /Users/th31/wpsites/interactive/wp-content/plugins/faq-accordion-pro/build/view.js in /Users/th31/wpsites/interactive/wp-content/plugins/faq-accordion-pro/faq-accordion-pro.php on line 50
[26-Jan-2026 12:36:05 UTC] PHP Warning:  filemtime(): stat failed for /Users/th31/wpsites/interactive/wp-content/plugins/faq-accordion-pro/build/style.css in /Users/th31/wpsites/interactive/wp-content/plugins/faq-accordion-pro/faq-accordion-pro.php on line 43
[26-Jan-2026 12:36:05 UTC] PHP Warning:  filemtime(): stat failed for /Users/th31/wpsites/interactive/wp-content/plugins/faq-accordion-pro/build/style.css in /Users/th31/wpsites/interactive/wp-content/plugins/faq-accordion-pro/faq-accordion-pro.php on line 43
[26-Jan-2026 12:36:05 UTC] PHP Warning:  filemtime(): stat failed for /Users/th31/wpsites/interactive/wp-content/plugins/faq-accordion-pro/build/view.js in /Users/th31/wpsites/interactive/wp-content/plugins/faq-accordion-pro/faq-accordion-pro.php on line 50
[26-Jan-2026 12:36:05 UTC] PHP Warning:  filemtime(): stat failed for /Users/th31/wpsites/interactive/wp-content/plugins/faq-accordion-pro/build/view.js in /Users/th31/wpsites/interactive/wp-content/plugins/faq-accordion-pro/faq-accordion-pro.php on line 50
[26-Jan-2026 12:44:59 UTC] PHP Warning:  filemtime(): stat failed for /Users/th31/wpsites/interactive/wp-content/plugins/faq-accordion-pro/build/style.css in /Users/th31/wpsites/interactive/wp-content/plugins/faq-accordion-pro/faq-accordion-pro.php on line 43
[26-Jan-2026 12:44:59 UTC] PHP Warning:  filemtime(): stat failed for /Users/th31/wpsites/interactive/wp-content/plugins/faq-accordion-pro/build/view.js in /Users/th31/wpsites/interactive/wp-content/plugins/faq-accordion-pro/faq-accordion-pro.php on line 50
[26-Jan-2026 12:44:59 UTC] PHP Warning:  filemtime(): stat failed for /Users/th31/wpsites/interactive/wp-content/plugins/faq-accordion-pro/build/style.css in /Users/th31/wpsites/interactive/wp-content/plugins/faq-accordion-pro/faq-accordion-pro.php on line 43
[26-Jan-2026 12:44:59 UTC] PHP Warning:  filemtime(): stat failed for /Users/th31/wpsites/interactive/wp-content/plugins/faq-accordion-pro/build/view.js in /Users/th31/wpsites/interactive/wp-content/plugins/faq-accordion-pro/faq-accordion-pro.php on line 50
[26-Jan-2026 12:44:59 UTC] PHP Warning:  filemtime(): stat failed for /Users/th31/wpsites/interactive/wp-content/plugins/faq-accordion-pro/build/style.css in /Users/th31/wpsites/interactive/wp-content/plugins/faq-accordion-pro/faq-accordion-pro.php on line 43
[26-Jan-2026 12:44:59 UTC] PHP Warning:  filemtime(): stat failed for /Users/th31/wpsites/interactive/wp-content/plugins/faq-accordion-pro/build/view.js in /Users/th31/wpsites/interactive/wp-content/plugins/faq-accordion-pro/faq-accordion-pro.php on line 50
[26-Jan-2026 12:45:18 UTC] PHP Warning:  filemtime(): stat failed for /Users/th31/wpsites/interactive/wp-content/plugins/faq-accordion-pro/build/style.css in /Users/th31/wpsites/interactive/wp-content/plugins/faq-accordion-pro/faq-accordion-pro.php on line 43
[26-Jan-2026 12:45:18 UTC] PHP Warning:  filemtime(): stat failed for /Users/th31/wpsites/interactive/wp-content/plugins/faq-accordion-pro/build/view.js in /Users/th31/wpsites/interactive/wp-content/plugins/faq-accordion-pro/faq-accordion-pro.php on line 50
[26-Jan-2026 12:45:18 UTC] PHP Warning:  filemtime(): stat failed for /Users/th31/wpsites/interactive/wp-content/plugins/faq-accordion-pro/build/style.css in /Users/th31/wpsites/interactive/wp-content/plugins/faq-accordion-pro/faq-accordion-pro.php on line 43
[26-Jan-2026 12:45:18 UTC] PHP Warning:  filemtime(): stat failed for /Users/th31/wpsites/interactive/wp-content/plugins/faq-accordion-pro/build/view.js in /Users/th31/wpsites/interactive/wp-content/plugins/faq-accordion-pro/faq-accordion-pro.php on line 50
[26-Jan-2026 12:45:18 UTC] PHP Warning:  filemtime(): stat failed for /Users/th31/wpsites/interactive/wp-content/plugins/faq-accordion-pro/build/style.css in /Users/th31/wpsites/interactive/wp-content/plugins/faq-accordion-pro/faq-accordion-pro.php on line 43
[26-Jan-2026 12:45:18 UTC] PHP Warning:  filemtime(): stat failed for /Users/th31/wpsites/interactive/wp-content/plugins/faq-accordion-pro/build/view.js in /Users/th31/wpsites/interactive/wp-content/plugins/faq-accordion-pro/faq-accordion-pro.php on line 50
[26-Jan-2026 12:45:37 UTC] PHP Warning:  filemtime(): stat failed for /Users/th31/wpsites/interactive/wp-content/plugins/faq-accordion-pro/build/style.css in /Users/th31/wpsites/interactive/wp-content/plugins/faq-accordion-pro/faq-accordion-pro.php on line 43
[26-Jan-2026 12:45:37 UTC] PHP Warning:  filemtime(): stat failed for /Users/th31/wpsites/interactive/wp-content/plugins/faq-accordion-pro/build/view.js in /Users/th31/wpsites/interactive/wp-content/plugins/faq-accordion-pro/faq-accordion-pro.php on line 50
[26-Jan-2026 12:45:37 UTC] PHP Warning:  filemtime(): stat failed for /Users/th31/wpsites/interactive/wp-content/plugins/faq-accordion-pro/build/style.css in /Users/th31/wpsites/interactive/wp-content/plugins/faq-accordion-pro/faq-accordion-pro.php on line 43
[26-Jan-2026 12:45:37 UTC] PHP Warning:  filemtime(): stat failed for /Users/th31/wpsites/interactive/wp-content/plugins/faq-accordion-pro/build/view.js in /Users/th31/wpsites/interactive/wp-content/plugins/faq-accordion-pro/faq-accordion-pro.php on line 50
[26-Jan-2026 12:45:37 UTC] PHP Warning:  filemtime(): stat failed for /Users/th31/wpsites/interactive/wp-content/plugins/faq-accordion-pro/build/style.css in /Users/th31/wpsites/interactive/wp-content/plugins/faq-accordion-pro/faq-accordion-pro.php on line 43
[26-Jan-2026 12:45:37 UTC] PHP Warning:  filemtime(): stat failed for /Users/th31/wpsites/interactive/wp-content/plugins/faq-accordion-pro/build/view.js in /Users/th31/wpsites/interactive/wp-content/plugins/faq-accordion-pro/faq-accordion-pro.php on line 50
[27-Jan-2026 05:03:31 UTC] PHP Deprecated:  Using null as an array offset is deprecated, use an empty string instead in /Users/th31/wpsites/interactive/wp-includes/SimplePie/src/IRI.php on line 1026
[27-Jan-2026 05:03:31 UTC] PHP Deprecated:  Using null as an array offset is deprecated, use an empty string instead in /Users/th31/wpsites/interactive/wp-includes/SimplePie/src/IRI.php on line 1026
[27-Jan-2026 05:03:31 UTC] PHP Deprecated:  Using null as an array offset is deprecated, use an empty string instead in /Users/th31/wpsites/interactive/wp-includes/SimplePie/src/IRI.php on line 1026
[27-Jan-2026 05:03:31 UTC] PHP Deprecated:  Using null as an array offset is deprecated, use an empty string instead in /Users/th31/wpsites/interactive/wp-includes/SimplePie/src/IRI.php on line 1026
[27-Jan-2026 05:03:34 UTC] PHP Deprecated:  Using null as an array offset is deprecated, use an empty string instead in /Users/th31/wpsites/interactive/wp-includes/SimplePie/src/IRI.php on line 1026
[27-Jan-2026 05:03:34 UTC] PHP Deprecated:  Using null as an array offset is deprecated, use an empty string instead in /Users/th31/wpsites/interactive/wp-includes/SimplePie/src/IRI.php on line 1026
[27-Jan-2026 05:03:34 UTC] PHP Deprecated:  Using null as an array offset is deprecated, use an empty string instead in /Users/th31/wpsites/interactive/wp-includes/SimplePie/src/IRI.php on line 1026
[27-Jan-2026 05:03:34 UTC] PHP Deprecated:  Using null as an array offset is deprecated, use an empty string instead in /Users/th31/wpsites/interactive/wp-includes/SimplePie/src/IRI.php on line 1026
[27-Jan-2026 08:06:40 UTC] Automatic updates starting...
[27-Jan-2026 08:06:41 UTC] Automatic updates complete.
[28-Jan-2026 08:07:34 UTC] Automatic updates starting...
[28-Jan-2026 08:07:34 UTC] PHP Warning:  wp_update_plugins(): An unexpected error occurred. Something may be wrong with WordPress.org or this server&#8217;s configuration. If you continue to have problems, please try the <a href="https://wordpress.org/support/forums/">support forums</a>. (WordPress could not establish a secure connection to WordPress.org. Please contact your server administrator.) in /Users/th31/wpsites/interactive/wp-includes/functions.php on line 6131
[28-Jan-2026 08:07:36 UTC] Automatic updates complete.
[28-Jan-2026 11:34:17 UTC] PHP Warning:  Undefined array key "width" in /Users/th31/wpsites/interactive/wp-admin/includes/image.php on line 110
[28-Jan-2026 11:34:17 UTC] PHP Warning:  Undefined array key "height" in /Users/th31/wpsites/interactive/wp-admin/includes/image.php on line 111
[29-Jan-2026 03:54:55 UTC] PHP Warning:  Undefined array key "width" in /Users/th31/wpsites/interactive/wp-admin/includes/image.php on line 110
[29-Jan-2026 03:54:55 UTC] PHP Warning:  Undefined array key "height" in /Users/th31/wpsites/interactive/wp-admin/includes/image.php on line 111
[29-Jan-2026 05:06:44 UTC] PHP Warning:  Undefined array key "width" in /Users/th31/wpsites/interactive/wp-admin/includes/image.php on line 110
[29-Jan-2026 05:06:44 UTC] PHP Warning:  Undefined array key "height" in /Users/th31/wpsites/interactive/wp-admin/includes/image.php on line 111
[29-Jan-2026 08:06:45 UTC] Automatic updates starting...
[29-Jan-2026 08:06:48 UTC] Automatic updates complete.
[29-Jan-2026 11:03:56 UTC] PHP Warning:  Undefined array key "width" in /Users/th31/wpsites/interactive/wp-admin/includes/image.php on line 110
[29-Jan-2026 11:03:56 UTC] PHP Warning:  Undefined array key "height" in /Users/th31/wpsites/interactive/wp-admin/includes/image.php on line 111
[30-Jan-2026 08:19:26 UTC] Automatic updates starting...
[30-Jan-2026 08:19:28 UTC] Automatic updates complete.
[30-Jan-2026 12:21:07 UTC] PHP Deprecated:  KadenceWP\KadenceBlocks\StellarWP\DB\DB::generate_results(): Implicitly marking parameter $query as nullable is deprecated, the explicit nullable type must be used instead in /Users/th31/wpsites/interactive/wp-content/plugins/kadence-blocks/vendor/vendor-prefixed/stellarwp/db/src/DB/DB.php on line 414
[30-Jan-2026 12:21:07 UTC] PHP Deprecated:  KadenceWP\KadenceBlocks\StellarWP\DB\DB::generate_col(): Implicitly marking parameter $query as nullable is deprecated, the explicit nullable type must be used instead in /Users/th31/wpsites/interactive/wp-content/plugins/kadence-blocks/vendor/vendor-prefixed/stellarwp/db/src/DB/DB.php on line 431
[30-Jan-2026 12:21:07 UTC] PHP Deprecated:  KadenceWP\KadenceBlocks\StellarWP\Uplink\Pipeline\Pipeline::__construct(): Implicitly marking parameter $container as nullable is deprecated, the explicit nullable type must be used instead in /Users/th31/wpsites/interactive/wp-content/plugins/kadence-blocks/vendor/vendor-prefixed/stellarwp/uplink/src/Uplink/Pipeline/Pipeline.php on line 57
[30-Jan-2026 12:21:07 UTC] PHP Deprecated:  KadenceWP\KadenceBlocks\StellarWP\Uplink\Resources\Plugin::register(): Implicitly marking parameter $license_class as nullable is deprecated, the explicit nullable type must be used instead in /Users/th31/wpsites/interactive/wp-content/plugins/kadence-blocks/vendor/vendor-prefixed/stellarwp/uplink/src/Uplink/Resources/Plugin.php on line 177
[30-Jan-2026 12:21:07 UTC] PHP Deprecated:  KadenceWP\KadenceBlocks\StellarWP\Uplink\Resources\Resource::__construct(): Implicitly marking parameter $license_class as nullable is deprecated, the explicit nullable type must be used instead in /Users/th31/wpsites/interactive/wp-content/plugins/kadence-blocks/vendor/vendor-prefixed/stellarwp/uplink/src/Uplink/Resources/Resource.php on line 133
[30-Jan-2026 12:21:07 UTC] PHP Deprecated:  KadenceWP\KadenceBlocks\StellarWP\Uplink\Resources\Resource::register(): Implicitly marking parameter $license_class as nullable is deprecated, the explicit nullable type must be used instead in /Users/th31/wpsites/interactive/wp-content/plugins/kadence-blocks/vendor/vendor-prefixed/stellarwp/uplink/src/Uplink/Resources/Resource.php on line 405
[30-Jan-2026 12:21:07 UTC] PHP Deprecated:  KadenceWP\KadenceBlocks\StellarWP\Uplink\Resources\Resource::register_resource(): Implicitly marking parameter $license_class as nullable is deprecated, the explicit nullable type must be used instead in /Users/th31/wpsites/interactive/wp-content/plugins/kadence-blocks/vendor/vendor-prefixed/stellarwp/uplink/src/Uplink/Resources/Resource.php on line 422
[02-Feb-2026 05:42:13 UTC] PHP Deprecated:  KadenceWP\KadenceBlocks\StellarWP\DB\DB::generate_results(): Implicitly marking parameter $query as nullable is deprecated, the explicit nullable type must be used instead in /Users/th31/wpsites/interactive/wp-content/plugins/kadence-blocks/vendor/vendor-prefixed/stellarwp/db/src/DB/DB.php on line 414
[02-Feb-2026 05:42:13 UTC] PHP Deprecated:  KadenceWP\KadenceBlocks\StellarWP\DB\DB::generate_col(): Implicitly marking parameter $query as nullable is deprecated, the explicit nullable type must be used instead in /Users/th31/wpsites/interactive/wp-content/plugins/kadence-blocks/vendor/vendor-prefixed/stellarwp/db/src/DB/DB.php on line 431
[02-Feb-2026 05:42:13 UTC] PHP Deprecated:  KadenceWP\KadenceBlocks\StellarWP\Uplink\Pipeline\Pipeline::__construct(): Implicitly marking parameter $container as nullable is deprecated, the explicit nullable type must be used instead in /Users/th31/wpsites/interactive/wp-content/plugins/kadence-blocks/vendor/vendor-prefixed/stellarwp/uplink/src/Uplink/Pipeline/Pipeline.php on line 57
[02-Feb-2026 05:42:13 UTC] PHP Deprecated:  KadenceWP\KadenceBlocks\StellarWP\Uplink\Resources\Plugin::register(): Implicitly marking parameter $license_class as nullable is deprecated, the explicit nullable type must be used instead in /Users/th31/wpsites/interactive/wp-content/plugins/kadence-blocks/vendor/vendor-prefixed/stellarwp/uplink/src/Uplink/Resources/Plugin.php on line 177
[02-Feb-2026 05:42:13 UTC] PHP Deprecated:  KadenceWP\KadenceBlocks\StellarWP\Uplink\Resources\Resource::__construct(): Implicitly marking parameter $license_class as nullable is deprecated, the explicit nullable type must be used instead in /Users/th31/wpsites/interactive/wp-content/plugins/kadence-blocks/vendor/vendor-prefixed/stellarwp/uplink/src/Uplink/Resources/Resource.php on line 133
[02-Feb-2026 05:42:13 UTC] PHP Deprecated:  KadenceWP\KadenceBlocks\StellarWP\Uplink\Resources\Resource::register(): Implicitly marking parameter $license_class as nullable is deprecated, the explicit nullable type must be used instead in /Users/th31/wpsites/interactive/wp-content/plugins/kadence-blocks/vendor/vendor-prefixed/stellarwp/uplink/src/Uplink/Resources/Resource.php on line 405
[02-Feb-2026 05:42:13 UTC] PHP Deprecated:  KadenceWP\KadenceBlocks\StellarWP\Uplink\Resources\Resource::register_resource(): Implicitly marking parameter $license_class as nullable is deprecated, the explicit nullable type must be used instead in /Users/th31/wpsites/interactive/wp-content/plugins/kadence-blocks/vendor/vendor-prefixed/stellarwp/uplink/src/Uplink/Resources/Resource.php on line 422
[02-Feb-2026 05:42:14 UTC] Automatic updates starting...
[02-Feb-2026 05:42:17 UTC] Automatic updates complete.
[02-Feb-2026 05:57:50 UTC] PHP Deprecated:  dirname(): Passing null to parameter #1 ($path) of type string is deprecated in /Users/th31/wpsites/interactive/wp-includes/blocks.php on line 243
[02-Feb-2026 05:57:50 UTC] PHP Deprecated:  dirname(): Passing null to parameter #1 ($path) of type string is deprecated in /Users/th31/wpsites/interactive/wp-includes/blocks.php on line 243
[02-Feb-2026 05:57:50 UTC] PHP Deprecated:  dirname(): Passing null to parameter #1 ($path) of type string is deprecated in /Users/th31/wpsites/interactive/wp-includes/blocks.php on line 348
[02-Feb-2026 05:57:50 UTC] PHP Deprecated:  dirname(): Passing null to parameter #1 ($path) of type string is deprecated in /Users/th31/wpsites/interactive/wp-includes/blocks.php on line 348
[02-Feb-2026 05:57:50 UTC] PHP Deprecated:  dirname(): Passing null to parameter #1 ($path) of type string is deprecated in /Users/th31/wpsites/interactive/wp-includes/blocks.php on line 243
[02-Feb-2026 05:57:50 UTC] PHP Deprecated:  dirname(): Passing null to parameter #1 ($path) of type string is deprecated in /Users/th31/wpsites/interactive/wp-includes/blocks.php on line 243
[02-Feb-2026 05:57:50 UTC] PHP Deprecated:  dirname(): Passing null to parameter #1 ($path) of type string is deprecated in /Users/th31/wpsites/interactive/wp-includes/blocks.php on line 348
[02-Feb-2026 05:57:50 UTC] PHP Deprecated:  dirname(): Passing null to parameter #1 ($path) of type string is deprecated in /Users/th31/wpsites/interactive/wp-includes/blocks.php on line 348
[02-Feb-2026 05:57:52 UTC] PHP Deprecated:  dirname(): Passing null to parameter #1 ($path) of type string is deprecated in /Users/th31/wpsites/interactive/wp-includes/blocks.php on line 243
[02-Feb-2026 05:57:52 UTC] PHP Deprecated:  dirname(): Passing null to parameter #1 ($path) of type string is deprecated in /Users/th31/wpsites/interactive/wp-includes/blocks.php on line 243
[02-Feb-2026 05:57:52 UTC] PHP Deprecated:  dirname(): Passing null to parameter #1 ($path) of type string is deprecated in /Users/th31/wpsites/interactive/wp-includes/blocks.php on line 348
[02-Feb-2026 05:57:52 UTC] PHP Deprecated:  dirname(): Passing null to parameter #1 ($path) of type string is deprecated in /Users/th31/wpsites/interactive/wp-includes/blocks.php on line 348
[02-Feb-2026 05:57:52 UTC] PHP Deprecated:  dirname(): Passing null to parameter #1 ($path) of type string is deprecated in /Users/th31/wpsites/interactive/wp-includes/blocks.php on line 243
[02-Feb-2026 05:57:52 UTC] PHP Deprecated:  dirname(): Passing null to parameter #1 ($path) of type string is deprecated in /Users/th31/wpsites/interactive/wp-includes/blocks.php on line 243
[02-Feb-2026 05:57:52 UTC] PHP Deprecated:  dirname(): Passing null to parameter #1 ($path) of type string is deprecated in /Users/th31/wpsites/interactive/wp-includes/blocks.php on line 348
[02-Feb-2026 05:57:52 UTC] PHP Deprecated:  dirname(): Passing null to parameter #1 ($path) of type string is deprecated in /Users/th31/wpsites/interactive/wp-includes/blocks.php on line 348
[02-Feb-2026 05:57:53 UTC] PHP Deprecated:  dirname(): Passing null to parameter #1 ($path) of type string is deprecated in /Users/th31/wpsites/interactive/wp-includes/blocks.php on line 243
[02-Feb-2026 05:57:53 UTC] PHP Deprecated:  dirname(): Passing null to parameter #1 ($path) of type string is deprecated in /Users/th31/wpsites/interactive/wp-includes/blocks.php on line 243
[02-Feb-2026 05:57:53 UTC] PHP Deprecated:  dirname(): Passing null to parameter #1 ($path) of type string is deprecated in /Users/th31/wpsites/interactive/wp-includes/blocks.php on line 348
[02-Feb-2026 05:57:53 UTC] PHP Deprecated:  dirname(): Passing null to parameter #1 ($path) of type string is deprecated in /Users/th31/wpsites/interactive/wp-includes/blocks.php on line 348
[02-Feb-2026 05:57:53 UTC] PHP Deprecated:  dirname(): Passing null to parameter #1 ($path) of type string is deprecated in /Users/th31/wpsites/interactive/wp-includes/blocks.php on line 243
[02-Feb-2026 05:57:53 UTC] PHP Deprecated:  dirname(): Passing null to parameter #1 ($path) of type string is deprecated in /Users/th31/wpsites/interactive/wp-includes/blocks.php on line 243
[02-Feb-2026 05:57:53 UTC] PHP Deprecated:  dirname(): Passing null to parameter #1 ($path) of type string is deprecated in /Users/th31/wpsites/interactive/wp-includes/blocks.php on line 348
[02-Feb-2026 05:57:53 UTC] PHP Deprecated:  dirname(): Passing null to parameter #1 ($path) of type string is deprecated in /Users/th31/wpsites/interactive/wp-includes/blocks.php on line 348
[02-Feb-2026 05:57:54 UTC] PHP Deprecated:  dirname(): Passing null to parameter #1 ($path) of type string is deprecated in /Users/th31/wpsites/interactive/wp-includes/blocks.php on line 243
[02-Feb-2026 05:57:54 UTC] PHP Deprecated:  dirname(): Passing null to parameter #1 ($path) of type string is deprecated in /Users/th31/wpsites/interactive/wp-includes/blocks.php on line 243
[02-Feb-2026 05:57:54 UTC] PHP Deprecated:  dirname(): Passing null to parameter #1 ($path) of type string is deprecated in /Users/th31/wpsites/interactive/wp-includes/blocks.php on line 348
[02-Feb-2026 05:57:54 UTC] PHP Deprecated:  dirname(): Passing null to parameter #1 ($path) of type string is deprecated in /Users/th31/wpsites/interactive/wp-includes/blocks.php on line 348
[02-Feb-2026 05:57:54 UTC] PHP Deprecated:  dirname(): Passing null to parameter #1 ($path) of type string is deprecated in /Users/th31/wpsites/interactive/wp-includes/blocks.php on line 243
[02-Feb-2026 05:57:54 UTC] PHP Deprecated:  dirname(): Passing null to parameter #1 ($path) of type string is deprecated in /Users/th31/wpsites/interactive/wp-includes/blocks.php on line 243
[02-Feb-2026 05:57:54 UTC] PHP Deprecated:  dirname(): Passing null to parameter #1 ($path) of type string is deprecated in /Users/th31/wpsites/interactive/wp-includes/blocks.php on line 348
[02-Feb-2026 05:57:54 UTC] PHP Deprecated:  dirname(): Passing null to parameter #1 ($path) of type string is deprecated in /Users/th31/wpsites/interactive/wp-includes/blocks.php on line 348
[02-Feb-2026 05:57:54 UTC] PHP Deprecated:  dirname(): Passing null to parameter #1 ($path) of type string is deprecated in /Users/th31/wpsites/interactive/wp-includes/blocks.php on line 243
[02-Feb-2026 05:57:54 UTC] PHP Deprecated:  dirname(): Passing null to parameter #1 ($path) of type string is deprecated in /Users/th31/wpsites/interactive/wp-includes/blocks.php on line 243
[02-Feb-2026 05:57:54 UTC] PHP Deprecated:  dirname(): Passing null to parameter #1 ($path) of type string is deprecated in /Users/th31/wpsites/interactive/wp-includes/blocks.php on line 348
[02-Feb-2026 05:57:54 UTC] PHP Deprecated:  dirname(): Passing null to parameter #1 ($path) of type string is deprecated in /Users/th31/wpsites/interactive/wp-includes/blocks.php on line 348
[02-Feb-2026 05:57:54 UTC] PHP Deprecated:  dirname(): Passing null to parameter #1 ($path) of type string is deprecated in /Users/th31/wpsites/interactive/wp-includes/blocks.php on line 243
[02-Feb-2026 05:57:54 UTC] PHP Deprecated:  dirname(): Passing null to parameter #1 ($path) of type string is deprecated in /Users/th31/wpsites/interactive/wp-includes/blocks.php on line 243
[02-Feb-2026 05:57:54 UTC] PHP Deprecated:  dirname(): Passing null to parameter #1 ($path) of type string is deprecated in /Users/th31/wpsites/interactive/wp-includes/blocks.php on line 348
[02-Feb-2026 05:57:54 UTC] PHP Deprecated:  dirname(): Passing null to parameter #1 ($path) of type string is deprecated in /Users/th31/wpsites/interactive/wp-includes/blocks.php on line 348
[02-Feb-2026 05:57:54 UTC] PHP Deprecated:  dirname(): Passing null to parameter #1 ($path) of type string is deprecated in /Users/th31/wpsites/interactive/wp-includes/blocks.php on line 243
[02-Feb-2026 05:57:54 UTC] PHP Deprecated:  dirname(): Passing null to parameter #1 ($path) of type string is deprecated in /Users/th31/wpsites/interactive/wp-includes/blocks.php on line 243
[02-Feb-2026 05:57:54 UTC] PHP Deprecated:  dirname(): Passing null to parameter #1 ($path) of type string is deprecated in /Users/th31/wpsites/interactive/wp-includes/blocks.php on line 348
[02-Feb-2026 05:57:54 UTC] PHP Deprecated:  dirname(): Passing null to parameter #1 ($path) of type string is deprecated in /Users/th31/wpsites/interactive/wp-includes/blocks.php on line 348
[02-Feb-2026 05:57:54 UTC] PHP Deprecated:  dirname(): Passing null to parameter #1 ($path) of type string is deprecated in /Users/th31/wpsites/interactive/wp-includes/blocks.php on line 243
[02-Feb-2026 05:57:54 UTC] PHP Deprecated:  dirname(): Passing null to parameter #1 ($path) of type string is deprecated in /Users/th31/wpsites/interactive/wp-includes/blocks.php on line 243
[02-Feb-2026 05:57:54 UTC] PHP Deprecated:  dirname(): Passing null to parameter #1 ($path) of type string is deprecated in /Users/th31/wpsites/interactive/wp-includes/blocks.php on line 348
[02-Feb-2026 05:57:54 UTC] PHP Deprecated:  dirname(): Passing null to parameter #1 ($path) of type string is deprecated in /Users/th31/wpsites/interactive/wp-includes/blocks.php on line 348
[02-Feb-2026 05:57:54 UTC] PHP Deprecated:  dirname(): Passing null to parameter #1 ($path) of type string is deprecated in /Users/th31/wpsites/interactive/wp-includes/blocks.php on line 243
[02-Feb-2026 05:57:54 UTC] PHP Deprecated:  dirname(): Passing null to parameter #1 ($path) of type string is deprecated in /Users/th31/wpsites/interactive/wp-includes/blocks.php on line 243
[02-Feb-2026 05:57:54 UTC] PHP Deprecated:  dirname(): Passing null to parameter #1 ($path) of type string is deprecated in /Users/th31/wpsites/interactive/wp-includes/blocks.php on line 243
[02-Feb-2026 05:57:54 UTC] PHP Deprecated:  dirname(): Passing null to parameter #1 ($path) of type string is deprecated in /Users/th31/wpsites/interactive/wp-includes/blocks.php on line 348
[02-Feb-2026 05:57:54 UTC] PHP Deprecated:  dirname(): Passing null to parameter #1 ($path) of type string is deprecated in /Users/th31/wpsites/interactive/wp-includes/blocks.php on line 348
[02-Feb-2026 05:57:54 UTC] PHP Deprecated:  dirname(): Passing null to parameter #1 ($path) of type string is deprecated in /Users/th31/wpsites/interactive/wp-includes/blocks.php on line 243
[02-Feb-2026 05:57:54 UTC] PHP Deprecated:  dirname(): Passing null to parameter #1 ($path) of type string is deprecated in /Users/th31/wpsites/interactive/wp-includes/blocks.php on line 243
[02-Feb-2026 05:57:54 UTC] PHP Deprecated:  dirname(): Passing null to parameter #1 ($path) of type string is deprecated in /Users/th31/wpsites/interactive/wp-includes/blocks.php on line 348
[02-Feb-2026 05:57:54 UTC] PHP Deprecated:  dirname(): Passing null to parameter #1 ($path) of type string is deprecated in /Users/th31/wpsites/interactive/wp-includes/blocks.php on line 348
[02-Feb-2026 05:57:54 UTC] PHP Deprecated:  dirname(): Passing null to parameter #1 ($path) of type string is deprecated in /Users/th31/wpsites/interactive/wp-includes/blocks.php on line 243
[02-Feb-2026 05:57:54 UTC] PHP Deprecated:  dirname(): Passing null to parameter #1 ($path) of type string is deprecated in /Users/th31/wpsites/interactive/wp-includes/blocks.php on line 348
[02-Feb-2026 05:57:54 UTC] PHP Deprecated:  dirname(): Passing null to parameter #1 ($path) of type string is deprecated in /Users/th31/wpsites/interactive/wp-includes/blocks.php on line 348
[02-Feb-2026 05:57:54 UTC] PHP Deprecated:  dirname(): Passing null to parameter #1 ($path) of type string is deprecated in /Users/th31/wpsites/interactive/wp-includes/blocks.php on line 243
[02-Feb-2026 05:57:54 UTC] PHP Deprecated:  dirname(): Passing null to parameter #1 ($path) of type string is deprecated in /Users/th31/wpsites/interactive/wp-includes/blocks.php on line 243
[02-Feb-2026 05:57:54 UTC] PHP Deprecated:  dirname(): Passing null to parameter #1 ($path) of type string is deprecated in /Users/th31/wpsites/interactive/wp-includes/blocks.php on line 348
[02-Feb-2026 05:57:54 UTC] PHP Deprecated:  dirname(): Passing null to parameter #1 ($path) of type string is deprecated in /Users/th31/wpsites/interactive/wp-includes/blocks.php on line 348
[02-Feb-2026 05:57:54 UTC] PHP Deprecated:  dirname(): Passing null to parameter #1 ($path) of type string is deprecated in /Users/th31/wpsites/interactive/wp-includes/blocks.php on line 243
[02-Feb-2026 05:57:54 UTC] PHP Deprecated:  dirname(): Passing null to parameter #1 ($path) of type string is deprecated in /Users/th31/wpsites/interactive/wp-includes/blocks.php on line 243
[02-Feb-2026 05:57:54 UTC] PHP Deprecated:  dirname(): Passing null to parameter #1 ($path) of type string is deprecated in /Users/th31/wpsites/interactive/wp-includes/blocks.php on line 348
[02-Feb-2026 05:57:54 UTC] PHP Deprecated:  dirname(): Passing null to parameter #1 ($path) of type string is deprecated in /Users/th31/wpsites/interactive/wp-includes/blocks.php on line 348
[02-Feb-2026 05:57:54 UTC] PHP Deprecated:  dirname(): Passing null to parameter #1 ($path) of type string is deprecated in /Users/th31/wpsites/interactive/wp-includes/blocks.php on line 243
[02-Feb-2026 05:57:54 UTC] PHP Deprecated:  dirname(): Passing null to parameter #1 ($path) of type string is deprecated in /Users/th31/wpsites/interactive/wp-includes/blocks.php on line 243
[02-Feb-2026 05:57:54 UTC] PHP Deprecated:  dirname(): Passing null to parameter #1 ($path) of type string is deprecated in /Users/th31/wpsites/interactive/wp-includes/blocks.php on line 348
[02-Feb-2026 05:57:54 UTC] PHP Deprecated:  dirname(): Passing null to parameter #1 ($path) of type string is deprecated in /Users/th31/wpsites/interactive/wp-includes/blocks.php on line 348
[02-Feb-2026 05:57:54 UTC] PHP Deprecated:  dirname(): Passing null to parameter #1 ($path) of type string is deprecated in /Users/th31/wpsites/interactive/wp-includes/blocks.php on line 243
[02-Feb-2026 05:57:54 UTC] PHP Deprecated:  dirname(): Passing null to parameter #1 ($path) of type string is deprecated in /Users/th31/wpsites/interactive/wp-includes/blocks.php on line 243
[02-Feb-2026 05:57:54 UTC] PHP Deprecated:  dirname(): Passing null to parameter #1 ($path) of type string is deprecated in /Users/th31/wpsites/interactive/wp-includes/blocks.php on line 348
[02-Feb-2026 05:57:54 UTC] PHP Deprecated:  dirname(): Passing null to parameter #1 ($path) of type string is deprecated in /Users/th31/wpsites/interactive/wp-includes/blocks.php on line 348
[02-Feb-2026 05:57:54 UTC] PHP Deprecated:  dirname(): Passing null to parameter #1 ($path) of type string is deprecated in /Users/th31/wpsites/interactive/wp-includes/blocks.php on line 243
[02-Feb-2026 05:57:54 UTC] PHP Deprecated:  dirname(): Passing null to parameter #1 ($path) of type string is deprecated in /Users/th31/wpsites/interactive/wp-includes/blocks.php on line 243
[02-Feb-2026 05:57:54 UTC] PHP Deprecated:  dirname(): Passing null to parameter #1 ($path) of type string is deprecated in /Users/th31/wpsites/interactive/wp-includes/blocks.php on line 348
[02-Feb-2026 05:57:54 UTC] PHP Deprecated:  dirname(): Passing null to parameter #1 ($path) of type string is deprecated in /Users/th31/wpsites/interactive/wp-includes/blocks.php on line 348
[02-Feb-2026 05:57:54 UTC] PHP Deprecated:  dirname(): Passing null to parameter #1 ($path) of type string is deprecated in /Users/th31/wpsites/interactive/wp-includes/blocks.php on line 243
[02-Feb-2026 05:57:54 UTC] PHP Deprecated:  dirname(): Passing null to parameter #1 ($path) of type string is deprecated in /Users/th31/wpsites/interactive/wp-includes/blocks.php on line 243
[02-Feb-2026 05:57:54 UTC] PHP Deprecated:  dirname(): Passing null to parameter #1 ($path) of type string is deprecated in /Users/th31/wpsites/interactive/wp-includes/blocks.php on line 243
[02-Feb-2026 05:57:54 UTC] PHP Deprecated:  dirname(): Passing null to parameter #1 ($path) of type string is deprecated in /Users/th31/wpsites/interactive/wp-includes/blocks.php on line 243
[02-Feb-2026 05:57:54 UTC] PHP Deprecated:  dirname(): Passing null to parameter #1 ($path) of type string is deprecated in /Users/th31/wpsites/interactive/wp-includes/blocks.php on line 348
[02-Feb-2026 05:57:54 UTC] PHP Deprecated:  dirname(): Passing null to parameter #1 ($path) of type string is deprecated in /Users/th31/wpsites/interactive/wp-includes/blocks.php on line 348
[02-Feb-2026 05:57:54 UTC] PHP Deprecated:  dirname(): Passing null to parameter #1 ($path) of type string is deprecated in /Users/th31/wpsites/interactive/wp-includes/blocks.php on line 348
[02-Feb-2026 05:57:54 UTC] PHP Deprecated:  dirname(): Passing null to parameter #1 ($path) of type string is deprecated in /Users/th31/wpsites/interactive/wp-includes/blocks.php on line 348
[02-Feb-2026 05:57:54 UTC] PHP Deprecated:  dirname(): Passing null to parameter #1 ($path) of type string is deprecated in /Users/th31/wpsites/interactive/wp-includes/blocks.php on line 243
[02-Feb-2026 05:57:54 UTC] PHP Deprecated:  dirname(): Passing null to parameter #1 ($path) of type string is deprecated in /Users/th31/wpsites/interactive/wp-includes/blocks.php on line 243
[02-Feb-2026 05:57:54 UTC] PHP Deprecated:  dirname(): Passing null to parameter #1 ($path) of type string is deprecated in /Users/th31/wpsites/interactive/wp-includes/blocks.php on line 243
[02-Feb-2026 05:57:54 UTC] PHP Deprecated:  dirname(): Passing null to parameter #1 ($path) of type string is deprecated in /Users/th31/wpsites/interactive/wp-includes/blocks.php on line 243
[02-Feb-2026 05:57:54 UTC] PHP Deprecated:  dirname(): Passing null to parameter #1 ($path) of type string is deprecated in /Users/th31/wpsites/interactive/wp-includes/blocks.php on line 348
[02-Feb-2026 05:57:54 UTC] PHP Deprecated:  dirname(): Passing null to parameter #1 ($path) of type string is deprecated in /Users/th31/wpsites/interactive/wp-includes/blocks.php on line 348
[02-Feb-2026 05:57:54 UTC] PHP Deprecated:  dirname(): Passing null to parameter #1 ($path) of type string is deprecated in /Users/th31/wpsites/interactive/wp-includes/blocks.php on line 348
[02-Feb-2026 05:57:54 UTC] PHP Deprecated:  dirname(): Passing null to parameter #1 ($path) of type string is deprecated in /Users/th31/wpsites/interactive/wp-includes/blocks.php on line 348
[02-Feb-2026 05:57:58 UTC] PHP Deprecated:  dirname(): Passing null to parameter #1 ($path) of type string is deprecated in /Users/th31/wpsites/interactive/wp-includes/blocks.php on line 243
[02-Feb-2026 05:57:58 UTC] PHP Deprecated:  dirname(): Passing null to parameter #1 ($path) of type string is deprecated in /Users/th31/wpsites/interactive/wp-includes/blocks.php on line 243
[02-Feb-2026 05:57:58 UTC] PHP Deprecated:  dirname(): Passing null to parameter #1 ($path) of type string is deprecated in /Users/th31/wpsites/interactive/wp-includes/blocks.php on line 348
[02-Feb-2026 05:57:58 UTC] PHP Deprecated:  dirname(): Passing null to parameter #1 ($path) of type string is deprecated in /Users/th31/wpsites/interactive/wp-includes/blocks.php on line 348
[02-Feb-2026 05:57:58 UTC] PHP Deprecated:  dirname(): Passing null to parameter #1 ($path) of type string is deprecated in /Users/th31/wpsites/interactive/wp-includes/blocks.php on line 243
[02-Feb-2026 05:57:58 UTC] PHP Deprecated:  dirname(): Passing null to parameter #1 ($path) of type string is deprecated in /Users/th31/wpsites/interactive/wp-includes/blocks.php on line 243
[02-Feb-2026 05:57:58 UTC] PHP Deprecated:  dirname(): Passing null to parameter #1 ($path) of type string is deprecated in /Users/th31/wpsites/interactive/wp-includes/blocks.php on line 348
[02-Feb-2026 05:57:58 UTC] PHP Deprecated:  dirname(): Passing null to parameter #1 ($path) of type string is deprecated in /Users/th31/wpsites/interactive/wp-includes/blocks.php on line 348
[02-Feb-2026 05:58:00 UTC] PHP Deprecated:  dirname(): Passing null to parameter #1 ($path) of type string is deprecated in /Users/th31/wpsites/interactive/wp-includes/blocks.php on line 243
[02-Feb-2026 05:58:00 UTC] PHP Deprecated:  dirname(): Passing null to parameter #1 ($path) of type string is deprecated in /Users/th31/wpsites/interactive/wp-includes/blocks.php on line 243
[02-Feb-2026 05:58:00 UTC] PHP Deprecated:  dirname(): Passing null to parameter #1 ($path) of type string is deprecated in /Users/th31/wpsites/interactive/wp-includes/blocks.php on line 348
[02-Feb-2026 05:58:00 UTC] PHP Deprecated:  dirname(): Passing null to parameter #1 ($path) of type string is deprecated in /Users/th31/wpsites/interactive/wp-includes/blocks.php on line 348
[02-Feb-2026 05:58:00 UTC] PHP Deprecated:  dirname(): Passing null to parameter #1 ($path) of type string is deprecated in /Users/th31/wpsites/interactive/wp-includes/blocks.php on line 243
[02-Feb-2026 05:58:00 UTC] PHP Deprecated:  dirname(): Passing null to parameter #1 ($path) of type string is deprecated in /Users/th31/wpsites/interactive/wp-includes/blocks.php on line 243
[02-Feb-2026 05:58:00 UTC] PHP Deprecated:  dirname(): Passing null to parameter #1 ($path) of type string is deprecated in /Users/th31/wpsites/interactive/wp-includes/blocks.php on line 348
[02-Feb-2026 05:58:00 UTC] PHP Deprecated:  dirname(): Passing null to parameter #1 ($path) of type string is deprecated in /Users/th31/wpsites/interactive/wp-includes/blocks.php on line 348
[02-Feb-2026 05:58:00 UTC] PHP Deprecated:  dirname(): Passing null to parameter #1 ($path) of type string is deprecated in /Users/th31/wpsites/interactive/wp-includes/blocks.php on line 243
[02-Feb-2026 05:58:00 UTC] PHP Deprecated:  dirname(): Passing null to parameter #1 ($path) of type string is deprecated in /Users/th31/wpsites/interactive/wp-includes/blocks.php on line 243
[02-Feb-2026 05:58:00 UTC] PHP Deprecated:  dirname(): Passing null to parameter #1 ($path) of type string is deprecated in /Users/th31/wpsites/interactive/wp-includes/blocks.php on line 348
[02-Feb-2026 05:58:00 UTC] PHP Deprecated:  dirname(): Passing null to parameter #1 ($path) of type string is deprecated in /Users/th31/wpsites/interactive/wp-includes/blocks.php on line 348
[02-Feb-2026 05:58:00 UTC] PHP Deprecated:  dirname(): Passing null to parameter #1 ($path) of type string is deprecated in /Users/th31/wpsites/interactive/wp-includes/blocks.php on line 243
[02-Feb-2026 05:58:00 UTC] PHP Deprecated:  dirname(): Passing null to parameter #1 ($path) of type string is deprecated in /Users/th31/wpsites/interactive/wp-includes/blocks.php on line 243
[02-Feb-2026 05:58:00 UTC] PHP Deprecated:  dirname(): Passing null to parameter #1 ($path) of type string is deprecated in /Users/th31/wpsites/interactive/wp-includes/blocks.php on line 348
[02-Feb-2026 05:58:00 UTC] PHP Deprecated:  dirname(): Passing null to parameter #1 ($path) of type string is deprecated in /Users/th31/wpsites/interactive/wp-includes/blocks.php on line 348
[02-Feb-2026 05:58:04 UTC] PHP Deprecated:  dirname(): Passing null to parameter #1 ($path) of type string is deprecated in /Users/th31/wpsites/interactive/wp-includes/blocks.php on line 243
[02-Feb-2026 05:58:04 UTC] PHP Deprecated:  dirname(): Passing null to parameter #1 ($path) of type string is deprecated in /Users/th31/wpsites/interactive/wp-includes/blocks.php on line 243
[02-Feb-2026 05:58:04 UTC] PHP Deprecated:  dirname(): Passing null to parameter #1 ($path) of type string is deprecated in /Users/th31/wpsites/interactive/wp-includes/blocks.php on line 348
[02-Feb-2026 05:58:04 UTC] PHP Deprecated:  dirname(): Passing null to parameter #1 ($path) of type string is deprecated in /Users/th31/wpsites/interactive/wp-includes/blocks.php on line 348
[02-Feb-2026 05:58:04 UTC] PHP Deprecated:  dirname(): Passing null to parameter #1 ($path) of type string is deprecated in /Users/th31/wpsites/interactive/wp-includes/blocks.php on line 243
[02-Feb-2026 05:58:04 UTC] PHP Deprecated:  dirname(): Passing null to parameter #1 ($path) of type string is deprecated in /Users/th31/wpsites/interactive/wp-includes/blocks.php on line 243
[02-Feb-2026 05:58:04 UTC] PHP Deprecated:  dirname(): Passing null to parameter #1 ($path) of type string is deprecated in /Users/th31/wpsites/interactive/wp-includes/blocks.php on line 348
[02-Feb-2026 05:58:04 UTC] PHP Deprecated:  dirname(): Passing null to parameter #1 ($path) of type string is deprecated in /Users/th31/wpsites/interactive/wp-includes/blocks.php on line 348
[02-Feb-2026 05:58:05 UTC] PHP Deprecated:  dirname(): Passing null to parameter #1 ($path) of type string is deprecated in /Users/th31/wpsites/interactive/wp-includes/blocks.php on line 243
[02-Feb-2026 05:58:05 UTC] PHP Deprecated:  dirname(): Passing null to parameter #1 ($path) of type string is deprecated in /Users/th31/wpsites/interactive/wp-includes/blocks.php on line 243
[02-Feb-2026 05:58:05 UTC] PHP Deprecated:  dirname(): Passing null to parameter #1 ($path) of type string is deprecated in /Users/th31/wpsites/interactive/wp-includes/blocks.php on line 348
[02-Feb-2026 05:58:05 UTC] PHP Deprecated:  dirname(): Passing null to parameter #1 ($path) of type string is deprecated in /Users/th31/wpsites/interactive/wp-includes/blocks.php on line 348
[02-Feb-2026 05:58:05 UTC] PHP Deprecated:  dirname(): Passing null to parameter #1 ($path) of type string is deprecated in /Users/th31/wpsites/interactive/wp-includes/blocks.php on line 243
[02-Feb-2026 05:58:05 UTC] PHP Deprecated:  dirname(): Passing null to parameter #1 ($path) of type string is deprecated in /Users/th31/wpsites/interactive/wp-includes/blocks.php on line 243
[02-Feb-2026 05:58:05 UTC] PHP Deprecated:  dirname(): Passing null to parameter #1 ($path) of type string is deprecated in /Users/th31/wpsites/interactive/wp-includes/blocks.php on line 348
[02-Feb-2026 05:58:05 UTC] PHP Deprecated:  dirname(): Passing null to parameter #1 ($path) of type string is deprecated in /Users/th31/wpsites/interactive/wp-includes/blocks.php on line 348
[02-Feb-2026 05:58:06 UTC] PHP Deprecated:  dirname(): Passing null to parameter #1 ($path) of type string is deprecated in /Users/th31/wpsites/interactive/wp-includes/blocks.php on line 243
[02-Feb-2026 05:58:06 UTC] PHP Deprecated:  dirname(): Passing null to parameter #1 ($path) of type string is deprecated in /Users/th31/wpsites/interactive/wp-includes/blocks.php on line 243
[02-Feb-2026 05:58:06 UTC] PHP Deprecated:  dirname(): Passing null to parameter #1 ($path) of type string is deprecated in /Users/th31/wpsites/interactive/wp-includes/blocks.php on line 348
[02-Feb-2026 05:58:06 UTC] PHP Deprecated:  dirname(): Passing null to parameter #1 ($path) of type string is deprecated in /Users/th31/wpsites/interactive/wp-includes/blocks.php on line 348
[02-Feb-2026 05:58:06 UTC] PHP Deprecated:  dirname(): Passing null to parameter #1 ($path) of type string is deprecated in /Users/th31/wpsites/interactive/wp-includes/blocks.php on line 243
[02-Feb-2026 05:58:06 UTC] PHP Deprecated:  dirname(): Passing null to parameter #1 ($path) of type string is deprecated in /Users/th31/wpsites/interactive/wp-includes/blocks.php on line 243
[02-Feb-2026 05:58:06 UTC] PHP Deprecated:  dirname(): Passing null to parameter #1 ($path) of type string is deprecated in /Users/th31/wpsites/interactive/wp-includes/blocks.php on line 348
[02-Feb-2026 05:58:06 UTC] PHP Deprecated:  dirname(): Passing null to parameter #1 ($path) of type string is deprecated in /Users/th31/wpsites/interactive/wp-includes/blocks.php on line 348
[02-Feb-2026 05:58:07 UTC] PHP Deprecated:  dirname(): Passing null to parameter #1 ($path) of type string is deprecated in /Users/th31/wpsites/interactive/wp-includes/blocks.php on line 243
[02-Feb-2026 05:58:07 UTC] PHP Deprecated:  dirname(): Passing null to parameter #1 ($path) of type string is deprecated in /Users/th31/wpsites/interactive/wp-includes/blocks.php on line 243
[02-Feb-2026 05:58:07 UTC] PHP Deprecated:  dirname(): Passing null to parameter #1 ($path) of type string is deprecated in /Users/th31/wpsites/interactive/wp-includes/blocks.php on line 348
[02-Feb-2026 05:58:07 UTC] PHP Deprecated:  dirname(): Passing null to parameter #1 ($path) of type string is deprecated in /Users/th31/wpsites/interactive/wp-includes/blocks.php on line 348
[02-Feb-2026 05:58:07 UTC] PHP Deprecated:  dirname(): Passing null to parameter #1 ($path) of type string is deprecated in /Users/th31/wpsites/interactive/wp-includes/blocks.php on line 243
[02-Feb-2026 05:58:07 UTC] PHP Deprecated:  dirname(): Passing null to parameter #1 ($path) of type string is deprecated in /Users/th31/wpsites/interactive/wp-includes/blocks.php on line 243
[02-Feb-2026 05:58:07 UTC] PHP Deprecated:  dirname(): Passing null to parameter #1 ($path) of type string is deprecated in /Users/th31/wpsites/interactive/wp-includes/blocks.php on line 348
[02-Feb-2026 05:58:07 UTC] PHP Deprecated:  dirname(): Passing null to parameter #1 ($path) of type string is deprecated in /Users/th31/wpsites/interactive/wp-includes/blocks.php on line 348
[02-Feb-2026 05:58:08 UTC] PHP Deprecated:  dirname(): Passing null to parameter #1 ($path) of type string is deprecated in /Users/th31/wpsites/interactive/wp-includes/blocks.php on line 243
[02-Feb-2026 05:58:08 UTC] PHP Deprecated:  dirname(): Passing null to parameter #1 ($path) of type string is deprecated in /Users/th31/wpsites/interactive/wp-includes/blocks.php on line 243
[02-Feb-2026 05:58:08 UTC] PHP Deprecated:  dirname(): Passing null to parameter #1 ($path) of type string is deprecated in /Users/th31/wpsites/interactive/wp-includes/blocks.php on line 348
[02-Feb-2026 05:58:08 UTC] PHP Deprecated:  dirname(): Passing null to parameter #1 ($path) of type string is deprecated in /Users/th31/wpsites/interactive/wp-includes/blocks.php on line 348
[02-Feb-2026 05:58:08 UTC] PHP Deprecated:  dirname(): Passing null to parameter #1 ($path) of type string is deprecated in /Users/th31/wpsites/interactive/wp-includes/blocks.php on line 243
[02-Feb-2026 05:58:08 UTC] PHP Deprecated:  dirname(): Passing null to parameter #1 ($path) of type string is deprecated in /Users/th31/wpsites/interactive/wp-includes/blocks.php on line 243
[02-Feb-2026 05:58:08 UTC] PHP Deprecated:  dirname(): Passing null to parameter #1 ($path) of type string is deprecated in /Users/th31/wpsites/interactive/wp-includes/blocks.php on line 348
[02-Feb-2026 05:58:08 UTC] PHP Deprecated:  dirname(): Passing null to parameter #1 ($path) of type string is deprecated in /Users/th31/wpsites/interactive/wp-includes/blocks.php on line 348
[02-Feb-2026 05:58:09 UTC] PHP Deprecated:  dirname(): Passing null to parameter #1 ($path) of type string is deprecated in /Users/th31/wpsites/interactive/wp-includes/blocks.php on line 243
[02-Feb-2026 05:58:09 UTC] PHP Deprecated:  dirname(): Passing null to parameter #1 ($path) of type string is deprecated in /Users/th31/wpsites/interactive/wp-includes/blocks.php on line 243
[02-Feb-2026 05:58:09 UTC] PHP Deprecated:  dirname(): Passing null to parameter #1 ($path) of type string is deprecated in /Users/th31/wpsites/interactive/wp-includes/blocks.php on line 348
[02-Feb-2026 05:58:09 UTC] PHP Deprecated:  dirname(): Passing null to parameter #1 ($path) of type string is deprecated in /Users/th31/wpsites/interactive/wp-includes/blocks.php on line 348
[02-Feb-2026 05:58:09 UTC] PHP Deprecated:  dirname(): Passing null to parameter #1 ($path) of type string is deprecated in /Users/th31/wpsites/interactive/wp-includes/blocks.php on line 243
[02-Feb-2026 05:58:09 UTC] PHP Deprecated:  dirname(): Passing null to parameter #1 ($path) of type string is deprecated in /Users/th31/wpsites/interactive/wp-includes/blocks.php on line 243
[02-Feb-2026 05:58:09 UTC] PHP Deprecated:  dirname(): Passing null to parameter #1 ($path) of type string is deprecated in /Users/th31/wpsites/interactive/wp-includes/blocks.php on line 348
[02-Feb-2026 05:58:09 UTC] PHP Deprecated:  dirname(): Passing null to parameter #1 ($path) of type string is deprecated in /Users/th31/wpsites/interactive/wp-includes/blocks.php on line 348
[02-Feb-2026 05:58:09 UTC] PHP Deprecated:  dirname(): Passing null to parameter #1 ($path) of type string is deprecated in /Users/th31/wpsites/interactive/wp-includes/blocks.php on line 243
[02-Feb-2026 05:58:09 UTC] PHP Deprecated:  dirname(): Passing null to parameter #1 ($path) of type string is deprecated in /Users/th31/wpsites/interactive/wp-includes/blocks.php on line 243
[02-Feb-2026 05:58:09 UTC] PHP Deprecated:  dirname(): Passing null to parameter #1 ($path) of type string is deprecated in /Users/th31/wpsites/interactive/wp-includes/blocks.php on line 348
[02-Feb-2026 05:58:09 UTC] PHP Deprecated:  dirname(): Passing null to parameter #1 ($path) of type string is deprecated in /Users/th31/wpsites/interactive/wp-includes/blocks.php on line 348
[02-Feb-2026 05:58:09 UTC] PHP Deprecated:  dirname(): Passing null to parameter #1 ($path) of type string is deprecated in /Users/th31/wpsites/interactive/wp-includes/blocks.php on line 243
[02-Feb-2026 05:58:09 UTC] PHP Deprecated:  dirname(): Passing null to parameter #1 ($path) of type string is deprecated in /Users/th31/wpsites/interactive/wp-includes/blocks.php on line 243
[02-Feb-2026 05:58:09 UTC] PHP Deprecated:  dirname(): Passing null to parameter #1 ($path) of type string is deprecated in /Users/th31/wpsites/interactive/wp-includes/blocks.php on line 348
[02-Feb-2026 05:58:09 UTC] PHP Deprecated:  dirname(): Passing null to parameter #1 ($path) of type string is deprecated in /Users/th31/wpsites/interactive/wp-includes/blocks.php on line 348
[02-Feb-2026 05:58:09 UTC] PHP Deprecated:  dirname(): Passing null to parameter #1 ($path) of type string is deprecated in /Users/th31/wpsites/interactive/wp-includes/blocks.php on line 243
[02-Feb-2026 05:58:09 UTC] PHP Deprecated:  dirname(): Passing null to parameter #1 ($path) of type string is deprecated in /Users/th31/wpsites/interactive/wp-includes/blocks.php on line 243
[02-Feb-2026 05:58:09 UTC] PHP Deprecated:  dirname(): Passing null to parameter #1 ($path) of type string is deprecated in /Users/th31/wpsites/interactive/wp-includes/blocks.php on line 348
[02-Feb-2026 05:58:09 UTC] PHP Deprecated:  dirname(): Passing null to parameter #1 ($path) of type string is deprecated in /Users/th31/wpsites/interactive/wp-includes/blocks.php on line 348
[02-Feb-2026 05:58:09 UTC] PHP Deprecated:  dirname(): Passing null to parameter #1 ($path) of type string is deprecated in /Users/th31/wpsites/interactive/wp-includes/blocks.php on line 243
[02-Feb-2026 05:58:09 UTC] PHP Deprecated:  dirname(): Passing null to parameter #1 ($path) of type string is deprecated in /Users/th31/wpsites/interactive/wp-includes/blocks.php on line 243
[02-Feb-2026 05:58:09 UTC] PHP Deprecated:  dirname(): Passing null to parameter #1 ($path) of type string is deprecated in /Users/th31/wpsites/interactive/wp-includes/blocks.php on line 348
[02-Feb-2026 05:58:09 UTC] PHP Deprecated:  dirname(): Passing null to parameter #1 ($path) of type string is deprecated in /Users/th31/wpsites/interactive/wp-includes/blocks.php on line 348
[02-Feb-2026 05:58:09 UTC] PHP Deprecated:  dirname(): Passing null to parameter #1 ($path) of type string is deprecated in /Users/th31/wpsites/interactive/wp-includes/blocks.php on line 243
[02-Feb-2026 05:58:09 UTC] PHP Deprecated:  dirname(): Passing null to parameter #1 ($path) of type string is deprecated in /Users/th31/wpsites/interactive/wp-includes/blocks.php on line 243
[02-Feb-2026 05:58:09 UTC] PHP Deprecated:  dirname(): Passing null to parameter #1 ($path) of type string is deprecated in /Users/th31/wpsites/interactive/wp-includes/blocks.php on line 243
[02-Feb-2026 05:58:09 UTC] PHP Deprecated:  dirname(): Passing null to parameter #1 ($path) of type string is deprecated in /Users/th31/wpsites/interactive/wp-includes/blocks.php on line 348
[02-Feb-2026 05:58:09 UTC] PHP Deprecated:  dirname(): Passing null to parameter #1 ($path) of type string is deprecated in /Users/th31/wpsites/interactive/wp-includes/blocks.php on line 348
[02-Feb-2026 05:58:09 UTC] PHP Deprecated:  dirname(): Passing null to parameter #1 ($path) of type string is deprecated in /Users/th31/wpsites/interactive/wp-includes/blocks.php on line 243
[02-Feb-2026 05:58:09 UTC] PHP Deprecated:  dirname(): Passing null to parameter #1 ($path) of type string is deprecated in /Users/th31/wpsites/interactive/wp-includes/blocks.php on line 243
[02-Feb-2026 05:58:09 UTC] PHP Deprecated:  dirname(): Passing null to parameter #1 ($path) of type string is deprecated in /Users/th31/wpsites/interactive/wp-includes/blocks.php on line 348
[02-Feb-2026 05:58:09 UTC] PHP Deprecated:  dirname(): Passing null to parameter #1 ($path) of type string is deprecated in /Users/th31/wpsites/interactive/wp-includes/blocks.php on line 243
[02-Feb-2026 05:58:09 UTC] PHP Deprecated:  dirname(): Passing null to parameter #1 ($path) of type string is deprecated in /Users/th31/wpsites/interactive/wp-includes/blocks.php on line 348
[02-Feb-2026 05:58:09 UTC] PHP Deprecated:  dirname(): Passing null to parameter #1 ($path) of type string is deprecated in /Users/th31/wpsites/interactive/wp-includes/blocks.php on line 348
[02-Feb-2026 05:58:09 UTC] PHP Deprecated:  dirname(): Passing null to parameter #1 ($path) of type string is deprecated in /Users/th31/wpsites/interactive/wp-includes/blocks.php on line 348
[02-Feb-2026 05:58:09 UTC] PHP Deprecated:  dirname(): Passing null to parameter #1 ($path) of type string is deprecated in /Users/th31/wpsites/interactive/wp-includes/blocks.php on line 243
[02-Feb-2026 05:58:09 UTC] PHP Deprecated:  dirname(): Passing null to parameter #1 ($path) of type string is deprecated in /Users/th31/wpsites/interactive/wp-includes/blocks.php on line 243
[02-Feb-2026 05:58:09 UTC] PHP Deprecated:  dirname(): Passing null to parameter #1 ($path) of type string is deprecated in /Users/th31/wpsites/interactive/wp-includes/blocks.php on line 348
[02-Feb-2026 05:58:09 UTC] PHP Deprecated:  dirname(): Passing null to parameter #1 ($path) of type string is deprecated in /Users/th31/wpsites/interactive/wp-includes/blocks.php on line 348
[02-Feb-2026 05:58:09 UTC] PHP Deprecated:  dirname(): Passing null to parameter #1 ($path) of type string is deprecated in /Users/th31/wpsites/interactive/wp-includes/blocks.php on line 243
[02-Feb-2026 05:58:09 UTC] PHP Deprecated:  dirname(): Passing null to parameter #1 ($path) of type string is deprecated in /Users/th31/wpsites/interactive/wp-includes/blocks.php on line 243
[02-Feb-2026 05:58:09 UTC] PHP Deprecated:  dirname(): Passing null to parameter #1 ($path) of type string is deprecated in /Users/th31/wpsites/interactive/wp-includes/blocks.php on line 348
[02-Feb-2026 05:58:09 UTC] PHP Deprecated:  dirname(): Passing null to parameter #1 ($path) of type string is deprecated in /Users/th31/wpsites/interactive/wp-includes/blocks.php on line 348
[02-Feb-2026 05:58:09 UTC] PHP Deprecated:  dirname(): Passing null to parameter #1 ($path) of type string is deprecated in /Users/th31/wpsites/interactive/wp-includes/blocks.php on line 243
[02-Feb-2026 05:58:09 UTC] PHP Deprecated:  dirname(): Passing null to parameter #1 ($path) of type string is deprecated in /Users/th31/wpsites/interactive/wp-includes/blocks.php on line 243
[02-Feb-2026 05:58:09 UTC] PHP Deprecated:  dirname(): Passing null to parameter #1 ($path) of type string is deprecated in /Users/th31/wpsites/interactive/wp-includes/blocks.php on line 348
[02-Feb-2026 05:58:09 UTC] PHP Deprecated:  dirname(): Passing null to parameter #1 ($path) of type string is deprecated in /Users/th31/wpsites/interactive/wp-includes/blocks.php on line 348
[02-Feb-2026 05:58:09 UTC] PHP Deprecated:  dirname(): Passing null to parameter #1 ($path) of type string is deprecated in /Users/th31/wpsites/interactive/wp-includes/blocks.php on line 243
[02-Feb-2026 05:58:09 UTC] PHP Deprecated:  dirname(): Passing null to parameter #1 ($path) of type string is deprecated in /Users/th31/wpsites/interactive/wp-includes/blocks.php on line 243
[02-Feb-2026 05:58:09 UTC] PHP Deprecated:  dirname(): Passing null to parameter #1 ($path) of type string is deprecated in /Users/th31/wpsites/interactive/wp-includes/blocks.php on line 348
[02-Feb-2026 05:58:09 UTC] PHP Deprecated:  dirname(): Passing null to parameter #1 ($path) of type string is deprecated in /Users/th31/wpsites/interactive/wp-includes/blocks.php on line 348
[02-Feb-2026 05:58:09 UTC] PHP Deprecated:  dirname(): Passing null to parameter #1 ($path) of type string is deprecated in /Users/th31/wpsites/interactive/wp-includes/blocks.php on line 243
[02-Feb-2026 05:58:09 UTC] PHP Deprecated:  dirname(): Passing null to parameter #1 ($path) of type string is deprecated in /Users/th31/wpsites/interactive/wp-includes/blocks.php on line 243
[02-Feb-2026 05:58:09 UTC] PHP Deprecated:  dirname(): Passing null to parameter #1 ($path) of type string is deprecated in /Users/th31/wpsites/interactive/wp-includes/blocks.php on line 348
[02-Feb-2026 05:58:09 UTC] PHP Deprecated:  dirname(): Passing null to parameter #1 ($path) of type string is deprecated in /Users/th31/wpsites/interactive/wp-includes/blocks.php on line 348
[02-Feb-2026 05:58:10 UTC] PHP Deprecated:  dirname(): Passing null to parameter #1 ($path) of type string is deprecated in /Users/th31/wpsites/interactive/wp-includes/blocks.php on line 243
[02-Feb-2026 05:58:10 UTC] PHP Deprecated:  dirname(): Passing null to parameter #1 ($path) of type string is deprecated in /Users/th31/wpsites/interactive/wp-includes/blocks.php on line 243
[02-Feb-2026 05:58:10 UTC] PHP Deprecated:  dirname(): Passing null to parameter #1 ($path) of type string is deprecated in /Users/th31/wpsites/interactive/wp-includes/blocks.php on line 243
[02-Feb-2026 05:58:10 UTC] PHP Deprecated:  dirname(): Passing null to parameter #1 ($path) of type string is deprecated in /Users/th31/wpsites/interactive/wp-includes/blocks.php on line 243
[02-Feb-2026 05:58:10 UTC] PHP Deprecated:  dirname(): Passing null to parameter #1 ($path) of type string is deprecated in /Users/th31/wpsites/interactive/wp-includes/blocks.php on line 348
[02-Feb-2026 05:58:10 UTC] PHP Deprecated:  dirname(): Passing null to parameter #1 ($path) of type string is deprecated in /Users/th31/wpsites/interactive/wp-includes/blocks.php on line 348
[02-Feb-2026 05:58:10 UTC] PHP Deprecated:  dirname(): Passing null to parameter #1 ($path) of type string is deprecated in /Users/th31/wpsites/interactive/wp-includes/blocks.php on line 348
[02-Feb-2026 05:58:10 UTC] PHP Deprecated:  dirname(): Passing null to parameter #1 ($path) of type string is deprecated in /Users/th31/wpsites/interactive/wp-includes/blocks.php on line 348
[02-Feb-2026 05:58:10 UTC] PHP Deprecated:  dirname(): Passing null to parameter #1 ($path) of type string is deprecated in /Users/th31/wpsites/interactive/wp-includes/blocks.php on line 243
[02-Feb-2026 05:58:10 UTC] PHP Deprecated:  dirname(): Passing null to parameter #1 ($path) of type string is deprecated in /Users/th31/wpsites/interactive/wp-includes/blocks.php on line 243
[02-Feb-2026 05:58:10 UTC] PHP Deprecated:  dirname(): Passing null to parameter #1 ($path) of type string is deprecated in /Users/th31/wpsites/interactive/wp-includes/blocks.php on line 243
[02-Feb-2026 05:58:10 UTC] PHP Deprecated:  dirname(): Passing null to parameter #1 ($path) of type string is deprecated in /Users/th31/wpsites/interactive/wp-includes/blocks.php on line 243
[02-Feb-2026 05:58:10 UTC] PHP Deprecated:  dirname(): Passing null to parameter #1 ($path) of type string is deprecated in /Users/th31/wpsites/interactive/wp-includes/blocks.php on line 348
[02-Feb-2026 05:58:10 UTC] PHP Deprecated:  dirname(): Passing null to parameter #1 ($path) of type string is deprecated in /Users/th31/wpsites/interactive/wp-includes/blocks.php on line 348
[02-Feb-2026 05:58:10 UTC] PHP Deprecated:  dirname(): Passing null to parameter #1 ($path) of type string is deprecated in /Users/th31/wpsites/interactive/wp-includes/blocks.php on line 348
[02-Feb-2026 05:58:10 UTC] PHP Deprecated:  dirname(): Passing null to parameter #1 ($path) of type string is deprecated in /Users/th31/wpsites/interactive/wp-includes/blocks.php on line 348
[02-Feb-2026 05:58:19 UTC] PHP Deprecated:  dirname(): Passing null to parameter #1 ($path) of type string is deprecated in /Users/th31/wpsites/interactive/wp-includes/blocks.php on line 243
[02-Feb-2026 05:58:19 UTC] PHP Deprecated:  dirname(): Passing null to parameter #1 ($path) of type string is deprecated in /Users/th31/wpsites/interactive/wp-includes/blocks.php on line 243
[02-Feb-2026 05:58:19 UTC] PHP Deprecated:  dirname(): Passing null to parameter #1 ($path) of type string is deprecated in /Users/th31/wpsites/interactive/wp-includes/blocks.php on line 348
[02-Feb-2026 05:58:19 UTC] PHP Deprecated:  dirname(): Passing null to parameter #1 ($path) of type string is deprecated in /Users/th31/wpsites/interactive/wp-includes/blocks.php on line 348
[02-Feb-2026 05:58:19 UTC] PHP Deprecated:  dirname(): Passing null to parameter #1 ($path) of type string is deprecated in /Users/th31/wpsites/interactive/wp-includes/blocks.php on line 243
[02-Feb-2026 05:58:19 UTC] PHP Deprecated:  dirname(): Passing null to parameter #1 ($path) of type string is deprecated in /Users/th31/wpsites/interactive/wp-includes/blocks.php on line 243
[02-Feb-2026 05:58:19 UTC] PHP Deprecated:  dirname(): Passing null to parameter #1 ($path) of type string is deprecated in /Users/th31/wpsites/interactive/wp-includes/blocks.php on line 348
[02-Feb-2026 05:58:19 UTC] PHP Deprecated:  dirname(): Passing null to parameter #1 ($path) of type string is deprecated in /Users/th31/wpsites/interactive/wp-includes/blocks.php on line 348
[02-Feb-2026 08:48:22 UTC] Automatic updates starting...
[02-Feb-2026 08:48:24 UTC] Automatic updates complete.
[02-Feb-2026 11:39:49 UTC] PHP Deprecated:  dirname(): Passing null to parameter #1 ($path) of type string is deprecated in /Users/th31/wpsites/interactive/wp-includes/blocks.php on line 243
[02-Feb-2026 11:39:49 UTC] PHP Deprecated:  dirname(): Passing null to parameter #1 ($path) of type string is deprecated in /Users/th31/wpsites/interactive/wp-includes/blocks.php on line 243
[02-Feb-2026 11:39:49 UTC] PHP Deprecated:  dirname(): Passing null to parameter #1 ($path) of type string is deprecated in /Users/th31/wpsites/interactive/wp-includes/blocks.php on line 348
[02-Feb-2026 11:39:49 UTC] PHP Deprecated:  dirname(): Passing null to parameter #1 ($path) of type string is deprecated in /Users/th31/wpsites/interactive/wp-includes/blocks.php on line 348
[02-Feb-2026 11:39:49 UTC] PHP Deprecated:  dirname(): Passing null to parameter #1 ($path) of type string is deprecated in /Users/th31/wpsites/interactive/wp-includes/blocks.php on line 243
[02-Feb-2026 11:39:49 UTC] PHP Deprecated:  dirname(): Passing null to parameter #1 ($path) of type string is deprecated in /Users/th31/wpsites/interactive/wp-includes/blocks.php on line 243
[02-Feb-2026 11:39:49 UTC] PHP Deprecated:  dirname(): Passing null to parameter #1 ($path) of type string is deprecated in /Users/th31/wpsites/interactive/wp-includes/blocks.php on line 348
[02-Feb-2026 11:39:49 UTC] PHP Deprecated:  dirname(): Passing null to parameter #1 ($path) of type string is deprecated in /Users/th31/wpsites/interactive/wp-includes/blocks.php on line 348
