2026-01-07T14:49:45+00:00 DEBUG #5866 - [New Request] GET /wp-admin/admin.php
2026-01-07T14:49:45+00:00 DEBUG #5866 - GET https://api.woocommerce.com/integrations/ppc/v1/customer/partners/K8SKZ36LQBWXJ/merchant-integrations/
Response: Array
(
    [code] => 404
    [message] => Not Found
)

Response Body: {"statusCode":404,"error":"Not Found","message":"Not Found"}
2026-01-07T14:49:45+00:00 WARNING #5866 - [Error] Not Found CONTEXT: {"args":{"method":"GET","headers":{"Authorization":"Bearer token","Content-Type":"application/json"}},"response":{"headers":{},"body":"{"statusCode":404,"error":"Not Found","message":"Not Found"}","response":{"code":404,"message":"Not Found"},"cookies":[],"filename":null,"http_response":{"data":null,"headers":null,"status":null}}}
2026-01-07T14:49:49+00:00 DEBUG #3733 - [New Request] GET /wp-json/wc/v3/wc_paypal/webhooks
2026-01-07T14:49:49+00:00 DEBUG #3733 - GET https://api.woocommerce.com/integrations/ppc/v1/notifications/webhooks
Response: Array
(
    [code] => 404
    [message] => Not Found
)

Response Body: {"statusCode":404,"error":"Not Found","message":"Not Found"}
2026-01-07T14:49:56+00:00 DEBUG #5565 - [New Request] POST /wp-json/wc/v3/wc_paypal/login_link
2026-01-07T14:49:56+00:00 INFO #5565 - Generating onboarding URL for: production-express_checkout-
2026-01-07T14:50:06+00:00 DEBUG #5565 - POST https://api.woocommerce.com/integrations/ppc/v2/customer/partner-referrals
Request Body: {"partner_config_override":{"return_url":"http:\/\/wpcarousel.test\/wp-admin\/admin.php?page=wc-settings&tab=checkout&section=ppcp-gateway&ppcpToken=eyJrIjoicHJvZHVjdGlvbi1leHByZXNzX2NoZWNrb3V0LSIsInUiOjEsImgiOiJiOWU5ZjcyYjliMDg1ODM5NzYwYWU3ZDQ4ZGFiNzdjMyJ9","return_url_description":"Return to your shop.","show_add_credit_card":false},"products":["EXPRESS_CHECKOUT"],"legal_consents":[{"type":"SHARE_DATA_CONSENT","granted":true}],"operations":[{"operation":"API_INTEGRATION","api_integration_preference":{"rest_api_integration":{"integration_method":"PAYPAL","integration_type":"FIRST_PARTY","first_party_details":{"features":["PAYMENT","REFUND","ADVANCED_TRANSACTIONS_SEARCH","TRACKING_SHIPMENT_READWRITE","BILLING_AGREEMENT"],"seller_nonce":"a1233wtergfsdt4365tzrshgfbaewa36AGa1233wtergfsdt4365tzrshgfbaewa36AG"}}}}]}
Response Debug ID: b3272a584c403
Response: Array
(
    [code] => 201
    [message] => Created
)

2026-01-07T14:50:20+00:00 DEBUG #3614 - [New Request] POST /wp-json/wc/v3/wc_paypal/login_link
2026-01-07T14:50:20+00:00 DEBUG #6052 - [New Request] POST /wp-json/wc/v3/wc_paypal/login_link
2026-01-07T14:50:20+00:00 DEBUG #3614 - Loaded onboarding URL from cache: production-express_checkout-
2026-01-07T14:50:20+00:00 DEBUG #6052 - Loaded onboarding URL from cache: production-express_checkout-
2026-01-07T14:50:20+00:00 INFO #3614 - Using cached onboarding URL for: production-express_checkout-
2026-01-07T14:50:20+00:00 INFO #6052 - Using cached onboarding URL for: production-express_checkout-
